[ 2017-09-12T00:03:58+08:00 ] 127.0.0.1 /blog/index.php/admin/Index/shows.html
INFO: [ route_check ] --START--
INFO: CheckRoute Behavior ::run [ RunTime:0.001148s ]
INFO: [ route_check ] --END-- [ RunTime:0.001296s ]
INFO: [ app_begin ] --START--
INFO: ReadHtmlCache Behavior ::run [ RunTime:0.001588s ]
INFO: [ app_begin ] --END-- [ RunTime:0.001785s ]

[ 2017-09-12T00:03:58+08:00 ] 127.0.0.1 /blog/index.php/admin/Login/index.html
INFO: [ route_check ] --START--
INFO: CheckRoute Behavior ::run [ RunTime:0.000950s ]
INFO: [ route_check ] --END-- [ RunTime:0.001099s ]
INFO: [ app_begin ] --START--
INFO: ReadHtmlCache Behavior ::run [ RunTime:0.000721s ]
INFO: [ app_begin ] --END-- [ RunTime:0.000841s ]
INFO: [ view_parse ] --START--
INFO: ParseTemplate Behavior ::run [ RunTime:0.012386s ]
INFO: [ view_parse ] --END-- [ RunTime:0.012542s ]
INFO: [ view_filter ] --START--
INFO: ContentReplace Behavior ::run [ RunTime:0.000769s ]
INFO: TokenBuild Behavior ::run [ RunTime:0.000700s ]
INFO: WriteHtmlCache Behavior ::run [ RunTime:0.000557s ]
INFO: ShowRuntime Behavior ::run [ RunTime:0.001650s ]
INFO: [ view_filter ] --END-- [ RunTime:0.004035s ]
INFO: [ view_end ] --START--
INFO: ShowPageTrace Behavior ::run [ RunTime:0.001438s ]
INFO: [ view_end ] --END-- [ RunTime:0.001575s ]

[ 2017-09-12T00:05:54+08:00 ] 0.0.0.0 /blog/index.php/admin/Login/login.html
INFO: [ route_check ] --START--
INFO: CheckRoute Behavior ::run [ RunTime:0.000849s ]
INFO: [ route_check ] --END-- [ RunTime:0.000977s ]
INFO: [ app_begin ] --START--
INFO: ReadHtmlCache Behavior ::run [ RunTime:0.000512s ]
INFO: [ app_begin ] --END-- [ RunTime:0.000595s ]
SQL: SHOW COLUMNS FROM `user` [ RunTime:0.003697s ]
SQL: SELECT * FROM `user` WHERE ( `username` = 'admin' ) LIMIT 1   [ RunTime:0.000331s ]
SQL: UPDATE `user` SET `loginip`='0.0.0.0',`time`=1505145954 WHERE ( `id` = 1 ) [ RunTime:0.046675s ]

[ 2017-09-12T00:05:54+08:00 ] 0.0.0.0 /blog/index.php/admin/Index/shows.html
INFO: [ route_check ] --START--
INFO: CheckRoute Behavior ::run [ RunTime:0.000820s ]
INFO: [ route_check ] --END-- [ RunTime:0.000913s ]
INFO: [ app_begin ] --START--
INFO: ReadHtmlCache Behavior ::run [ RunTime:0.000542s ]
INFO: [ app_begin ] --END-- [ RunTime:0.000630s ]

[ 2017-09-12T00:05:54+08:00 ] 0.0.0.0 /blog/index.php/admin/Login/index.html
INFO: [ route_check ] --START--
INFO: CheckRoute Behavior ::run [ RunTime:0.000614s ]
INFO: [ route_check ] --END-- [ RunTime:0.000712s ]
INFO: [ app_begin ] --START--
INFO: ReadHtmlCache Behavior ::run [ RunTime:0.000471s ]
INFO: [ app_begin ] --END-- [ RunTime:0.000549s ]
INFO: [ view_parse ] --START--
INFO: ParseTemplate Behavior ::run [ RunTime:0.006411s ]
INFO: [ view_parse ] --END-- [ RunTime:0.006521s ]
INFO: [ view_filter ] --START--
INFO: ContentReplace Behavior ::run [ RunTime:0.000430s ]
INFO: TokenBuild Behavior ::run [ RunTime:0.000491s ]
INFO: WriteHtmlCache Behavior ::run [ RunTime:0.000425s ]
INFO: ShowRuntime Behavior ::run [ RunTime:0.000584s ]
INFO: [ view_filter ] --END-- [ RunTime:0.002160s ]
INFO: [ view_end ] --START--
INFO: ShowPageTrace Behavior ::run [ RunTime:0.000579s ]
INFO: [ view_end ] --END-- [ RunTime:0.000657s ]

[ 2017-09-12T00:07:29+08:00 ] 0.0.0.0 /blog/index.php/admin/Login/index.html
INFO: [ route_check ] --START--
INFO: CheckRoute Behavior ::run [ RunTime:0.000635s ]
INFO: [ route_check ] --END-- [ RunTime:0.000748s ]
INFO: [ app_begin ] --START--
INFO: ReadHtmlCache Behavior ::run [ RunTime:0.000579s ]
INFO: [ app_begin ] --END-- [ RunTime:0.000668s ]
INFO: [ view_parse ] --START--
INFO: ParseTemplate Behavior ::run [ RunTime:0.007794s ]
INFO: [ view_parse ] --END-- [ RunTime:0.007935s ]
INFO: [ view_filter ] --START--
INFO: ContentReplace Behavior ::run [ RunTime:0.001127s ]
INFO: TokenBuild Behavior ::run [ RunTime:0.001041s ]
INFO: WriteHtmlCache Behavior ::run [ RunTime:0.001005s ]
INFO: ShowRuntime Behavior ::run [ RunTime:0.001050s ]
INFO: [ view_filter ] --END-- [ RunTime:0.004692s ]
INFO: [ view_end ] --START--
INFO: ShowPageTrace Behavior ::run [ RunTime:0.000959s ]
INFO: [ view_end ] --END-- [ RunTime:0.001112s ]

[ 2017-09-12T00:09:56+08:00 ] 0.0.0.0 /blog/index.php/admin/Login/login.html
INFO: [ route_check ] --START--
INFO: CheckRoute Behavior ::run [ RunTime:0.002549s ]
INFO: [ route_check ] --END-- [ RunTime:0.002777s ]
INFO: [ app_begin ] --START--
INFO: ReadHtmlCache Behavior ::run [ RunTime:0.001412s ]
INFO: [ app_begin ] --END-- [ RunTime:0.001588s ]
SQL: SHOW COLUMNS FROM `user` [ RunTime:0.003542s ]
SQL: SELECT * FROM `user` WHERE ( `username` = 'admin' ) LIMIT 1   [ RunTime:0.000353s ]
SQL: UPDATE `user` SET `loginip`='0.0.0.0',`time`=1505146196 WHERE ( `id` = 1 ) [ RunTime:0.066266s ]

[ 2017-09-12T00:09:58+08:00 ] 0.0.0.0 /blog/index.php/admin/Login/login.html
INFO: [ route_check ] --START--
INFO: CheckRoute Behavior ::run [ RunTime:0.002228s ]
INFO: [ route_check ] --END-- [ RunTime:0.002444s ]
INFO: [ app_begin ] --START--
INFO: ReadHtmlCache Behavior ::run [ RunTime:0.001125s ]
INFO: [ app_begin ] --END-- [ RunTime:0.001411s ]
SQL: SHOW COLUMNS FROM `user` [ RunTime:0.004384s ]
SQL: SELECT * FROM `user` WHERE ( `username` = 'admin' ) LIMIT 1   [ RunTime:0.000464s ]
SQL: UPDATE `user` SET `loginip`='0.0.0.0',`time`=1505146198 WHERE ( `id` = 1 ) [ RunTime:0.058438s ]

[ 2017-09-12T00:10:02+08:00 ] 0.0.0.0 /blog/index.php/admin/Login/login.html
INFO: [ route_check ] --START--
INFO: CheckRoute Behavior ::run [ RunTime:0.000735s ]
INFO: [ route_check ] --END-- [ RunTime:0.000863s ]
INFO: [ app_begin ] --START--
INFO: ReadHtmlCache Behavior ::run [ RunTime:0.000615s ]
INFO: [ app_begin ] --END-- [ RunTime:0.000712s ]
SQL: SHOW COLUMNS FROM `user` [ RunTime:0.003430s ]
SQL: SELECT * FROM `user` WHERE ( `username` = 'admin' ) LIMIT 1   [ RunTime:0.000360s ]
SQL: UPDATE `user` SET `loginip`='0.0.0.0',`time`=1505146202 WHERE ( `id` = 1 ) [ RunTime:0.055109s ]

[ 2017-09-12T00:10:27+08:00 ] 0.0.0.0 /blog/index.php/admin/Login/login.html
INFO: [ route_check ] --START--
INFO: CheckRoute Behavior ::run [ RunTime:0.000922s ]
INFO: [ route_check ] --END-- [ RunTime:0.001069s ]
INFO: [ app_begin ] --START--
INFO: ReadHtmlCache Behavior ::run [ RunTime:0.000748s ]
INFO: [ app_begin ] --END-- [ RunTime:0.000875s ]
SQL: SHOW COLUMNS FROM `user` [ RunTime:0.003520s ]
SQL: SELECT * FROM `user` WHERE ( `username` = 'admin' ) LIMIT 1   [ RunTime:0.000339s ]
SQL: UPDATE `user` SET `loginip`='0.0.0.0',`time`=1505146227 WHERE ( `id` = 1 ) [ RunTime:0.131630s ]

[ 2017-09-12T00:10:44+08:00 ] 0.0.0.0 /blog/index.php/admin/Login/login.html
INFO: [ route_check ] --START--
INFO: CheckRoute Behavior ::run [ RunTime:0.000763s ]
INFO: [ route_check ] --END-- [ RunTime:0.000922s ]
INFO: [ app_begin ] --START--
INFO: ReadHtmlCache Behavior ::run [ RunTime:0.000729s ]
INFO: [ app_begin ] --END-- [ RunTime:0.000911s ]
SQL: SHOW COLUMNS FROM `user` [ RunTime:0.003691s ]
SQL: SELECT * FROM `user` WHERE ( `username` = 'admin' ) LIMIT 1   [ RunTime:0.000322s ]
SQL: UPDATE `user` SET `loginip`='0.0.0.0',`time`=1505146244 WHERE ( `id` = 1 ) [ RunTime:0.083113s ]

[ 2017-09-12T00:10:44+08:00 ] 0.0.0.0 /blog/index.php/admin/Index/shows.html
INFO: [ route_check ] --START--
INFO: CheckRoute Behavior ::run [ RunTime:0.000989s ]
INFO: [ route_check ] --END-- [ RunTime:0.001139s ]
INFO: [ app_begin ] --START--
INFO: ReadHtmlCache Behavior ::run [ RunTime:0.000814s ]
INFO: [ app_begin ] --END-- [ RunTime:0.000938s ]

[ 2017-09-12T00:10:44+08:00 ] 0.0.0.0 /blog/index.php/admin/Login/index.html
INFO: [ route_check ] --START--
INFO: CheckRoute Behavior ::run [ RunTime:0.000695s ]
INFO: [ route_check ] --END-- [ RunTime:0.000790s ]
INFO: [ app_begin ] --START--
INFO: ReadHtmlCache Behavior ::run [ RunTime:0.000561s ]
INFO: [ app_begin ] --END-- [ RunTime:0.000635s ]
INFO: [ view_parse ] --START--
INFO: ParseTemplate Behavior ::run [ RunTime:0.006760s ]
INFO: [ view_parse ] --END-- [ RunTime:0.006859s ]
INFO: [ view_filter ] --START--
INFO: ContentReplace Behavior ::run [ RunTime:0.000548s ]
INFO: TokenBuild Behavior ::run [ RunTime:0.000539s ]
INFO: WriteHtmlCache Behavior ::run [ RunTime:0.000418s ]
INFO: ShowRuntime Behavior ::run [ RunTime:0.000605s ]
INFO: [ view_filter ] --END-- [ RunTime:0.002324s ]
INFO: [ view_end ] --START--
INFO: ShowPageTrace Behavior ::run [ RunTime:0.000664s ]
INFO: [ view_end ] --END-- [ RunTime:0.000733s ]

