[ 2017-09-11T23:58:32+08:00 ] 0.0.0.0 /blog/
INFO: [ app_begin ] --START--
INFO: ReadHtmlCache Behavior ::run [ RunTime:0.008204s ]
INFO: [ app_begin ] --END-- [ RunTime:0.008531s ]
SQL: SHOW COLUMNS FROM `cate` [ RunTime:0.018646s ]
SQL: SELECT * FROM `cate`  [ RunTime:0.000422s ]
SQL: SELECT * FROM `cate` WHERE ( `pid` = 0 )  [ RunTime:0.000437s ]
SQL: SELECT `name` FROM `cate` WHERE ( `id` = 1 )  [ RunTime:0.000244s ]
SQL: SHOW COLUMNS FROM `blog` [ RunTime:0.018523s ]
SQL: SELECT `title`,`time`,`click` FROM `blog` WHERE ( `cid` IN ('1') )  [ RunTime:0.000386s ]
SQL: SELECT `name` FROM `cate` WHERE ( `id` = 2 )  [ RunTime:0.000246s ]
SQL: SELECT `title`,`time`,`click` FROM `blog` WHERE ( `cid` IN ('9','10','2') )  [ RunTime:0.000308s ]
SQL: SELECT `name` FROM `cate` WHERE ( `id` = 3 )  [ RunTime:0.000227s ]
SQL: SELECT `title`,`time`,`click` FROM `blog` WHERE ( `cid` IN ('3') )  [ RunTime:0.000268s ]
SQL: SELECT `name` FROM `cate` WHERE ( `id` = 4 )  [ RunTime:0.000233s ]
SQL: SELECT `title`,`time`,`click` FROM `blog` WHERE ( `cid` IN ('11','12','13','14','4') )  [ RunTime:0.000300s ]
SQL: SELECT `name` FROM `cate` WHERE ( `id` = 5 )  [ RunTime:0.000235s ]
SQL: SELECT `title`,`time`,`click` FROM `blog` WHERE ( `cid` IN ('19','20','5') )  [ RunTime:0.000278s ]
SQL: SELECT `name` FROM `cate` WHERE ( `id` = 6 )  [ RunTime:0.000244s ]
SQL: SELECT `title`,`time`,`click` FROM `blog` WHERE ( `cid` IN ('15','16','17','6') )  [ RunTime:0.000290s ]
SQL: SELECT `name` FROM `cate` WHERE ( `id` = 7 )  [ RunTime:0.000358s ]
SQL: SELECT `title`,`time`,`click` FROM `blog` WHERE ( `cid` IN ('7') )  [ RunTime:0.000278s ]
SQL: SELECT `name` FROM `cate` WHERE ( `id` = 8 )  [ RunTime:0.000242s ]
SQL: SELECT `title`,`time`,`click` FROM `blog` WHERE ( `cid` IN ('8') )  [ RunTime:0.000251s ]
INFO: [ view_parse ] --START--
NOTIC: [2] Missing argument 2 for TagLib::parseXmlAttr(), called in D:\wamp\www\blog\blog\Modules\index\TagLib\TagLibNav.class.php on line 10 and defined D:\wamp\www\blog\ThinkPHP\Lib\Template\TagLib.class.php 第 80 行.
NOTIC: [8] Undefined variable: tag D:\wamp\www\blog\ThinkPHP\Lib\Template\TagLib.class.php 第 91 行.
NOTIC: [8] Undefined index:  D:\wamp\www\blog\ThinkPHP\Lib\Template\TagLib.class.php 第 91 行.
NOTIC: [8] Undefined variable: tag D:\wamp\www\blog\ThinkPHP\Lib\Template\TagLib.class.php 第 92 行.
NOTIC: [8] Undefined index: sort D:\wamp\www\blog\blog\Modules\index\TagLib\TagLibNav.class.php 第 13 行.
NOTIC: [2] Missing argument 2 for TagLib::parseXmlAttr(), called in D:\wamp\www\blog\blog\Modules\index\TagLib\TagLibNav.class.php on line 25 and defined D:\wamp\www\blog\ThinkPHP\Lib\Template\TagLib.class.php 第 80 行.
NOTIC: [8] Undefined variable: tag D:\wamp\www\blog\ThinkPHP\Lib\Template\TagLib.class.php 第 91 行.
NOTIC: [8] Undefined index:  D:\wamp\www\blog\ThinkPHP\Lib\Template\TagLib.class.php 第 91 行.
NOTIC: [8] Undefined variable: tag D:\wamp\www\blog\ThinkPHP\Lib\Template\TagLib.class.php 第 92 行.
SQL: SELECT * FROM `cate`  [ RunTime:0.000464s ]
SQL: SELECT `id`,`title`,`click` FROM `blog` ORDER BY click DESC LIMIT 5   [ RunTime:0.000657s ]
SQL: SELECT `id`,`title`,`click` FROM `blog` ORDER BY click DESC LIMIT 5   [ RunTime:0.000448s ]
INFO: ParseTemplate Behavior ::run [ RunTime:0.245199s ]
INFO: [ view_parse ] --END-- [ RunTime:0.245345s ]
INFO: [ view_filter ] --START--
INFO: ContentReplace Behavior ::run [ RunTime:0.011683s ]
INFO: TokenBuild Behavior ::run [ RunTime:0.023956s ]
INFO: WriteHtmlCache Behavior ::run [ RunTime:0.000742s ]
INFO: ShowRuntime Behavior ::run [ RunTime:0.000855s ]
INFO: [ view_filter ] --END-- [ RunTime:0.037531s ]
INFO: [ view_end ] --START--
INFO: ShowPageTrace Behavior ::run [ RunTime:0.000862s ]
INFO: [ view_end ] --END-- [ RunTime:0.000948s ]

[ 2017-09-11T23:58:36+08:00 ] 0.0.0.0 /blog/admin
INFO: [ route_check ] --START--
INFO: CheckRoute Behavior ::run [ RunTime:0.019191s ]
INFO: [ route_check ] --END-- [ RunTime:0.019308s ]
INFO: [ app_begin ] --START--
INFO: ReadHtmlCache Behavior ::run [ RunTime:0.000603s ]
INFO: [ app_begin ] --END-- [ RunTime:0.000689s ]

[ 2017-09-11T23:58:38+08:00 ] 127.0.0.1 /blog/index.php/admin/Login/index.html
INFO: [ route_check ] --START--
INFO: CheckRoute Behavior ::run [ RunTime:0.001008s ]
INFO: [ route_check ] --END-- [ RunTime:0.001148s ]
INFO: [ app_begin ] --START--
INFO: ReadHtmlCache Behavior ::run [ RunTime:0.000741s ]
INFO: [ app_begin ] --END-- [ RunTime:0.000862s ]
INFO: [ view_parse ] --START--
INFO: ParseTemplate Behavior ::run [ RunTime:0.041169s ]
INFO: [ view_parse ] --END-- [ RunTime:0.041298s ]
INFO: [ view_filter ] --START--
INFO: ContentReplace Behavior ::run [ RunTime:0.000485s ]
INFO: TokenBuild Behavior ::run [ RunTime:0.000606s ]
INFO: WriteHtmlCache Behavior ::run [ RunTime:0.000356s ]
INFO: ShowRuntime Behavior ::run [ RunTime:0.000499s ]
INFO: [ view_filter ] --END-- [ RunTime:0.002198s ]
INFO: [ view_end ] --START--
INFO: ShowPageTrace Behavior ::run [ RunTime:0.000556s ]
INFO: [ view_end ] --END-- [ RunTime:0.000629s ]

[ 2017-09-11T23:58:49+08:00 ] 127.0.0.1 /blog/index.php/admin/Login/login.html
INFO: [ route_check ] --START--
INFO: CheckRoute Behavior ::run [ RunTime:0.001680s ]
INFO: [ route_check ] --END-- [ RunTime:0.001897s ]
INFO: [ app_begin ] --START--
INFO: ReadHtmlCache Behavior ::run [ RunTime:0.001286s ]
INFO: [ app_begin ] --END-- [ RunTime:0.001467s ]
SQL: SHOW COLUMNS FROM `user` [ RunTime:0.091947s ]
SQL: SELECT * FROM `user` WHERE ( `username` = 'admin' ) LIMIT 1   [ RunTime:0.000577s ]
SQL: UPDATE `user` SET `loginip`='127.0.0.1',`time`=1505145528 WHERE ( `id` = 1 ) [ RunTime:0.088439s ]

[ 2017-09-11T23:58:49+08:00 ] 127.0.0.1 /blog/index.php/admin/Index/shows.html
INFO: [ route_check ] --START--
INFO: CheckRoute Behavior ::run [ RunTime:0.001231s ]
INFO: [ route_check ] --END-- [ RunTime:0.001401s ]
INFO: [ app_begin ] --START--
INFO: ReadHtmlCache Behavior ::run [ RunTime:0.000967s ]
INFO: [ app_begin ] --END-- [ RunTime:0.001110s ]
INFO: [ view_parse ] --START--
INFO: ParseTemplate Behavior ::run [ RunTime:0.017585s ]
INFO: [ view_parse ] --END-- [ RunTime:0.017726s ]
INFO: [ view_filter ] --START--
INFO: ContentReplace Behavior ::run [ RunTime:0.000621s ]
INFO: TokenBuild Behavior ::run [ RunTime:0.000619s ]
INFO: WriteHtmlCache Behavior ::run [ RunTime:0.000507s ]
INFO: ShowRuntime Behavior ::run [ RunTime:0.000698s ]
INFO: [ view_filter ] --END-- [ RunTime:0.002706s ]
INFO: [ view_end ] --START--
INFO: ShowPageTrace Behavior ::run [ RunTime:0.000743s ]
INFO: [ view_end ] --END-- [ RunTime:0.000834s ]

