[ 2017-11-24T23:17:40+08:00 ] 127.0.0.1 /blog/index.php/admin/Login/login.html
INFO: [ route_check ] --START--
INFO: CheckRoute Behavior ::run [ RunTime:0.012103s ]
INFO: [ route_check ] --END-- [ RunTime:0.022457s ]
INFO: [ app_begin ] --START--
INFO: ReadHtmlCache Behavior ::run [ RunTime:0.001048s ]
INFO: [ app_begin ] --END-- [ RunTime:0.001164s ]
SQL: SHOW COLUMNS FROM `user` [ RunTime:0.085837s ]
SQL: SELECT * FROM `user` WHERE ( `username` = 'admin' ) LIMIT 1   [ RunTime:0.000630s ]
SQL: UPDATE `user` SET `loginip`='127.0.0.1',`time`=1511536660 WHERE ( `id` = 1 ) [ RunTime:0.110426s ]

[ 2017-11-24T23:17:44+08:00 ] 0.0.0.0 /blog/
INFO: [ app_begin ] --START--
INFO: ReadHtmlCache Behavior ::run [ RunTime:0.001206s ]
INFO: [ app_begin ] --END-- [ RunTime:0.001389s ]
SQL: SHOW COLUMNS FROM `cate` [ RunTime:0.023786s ]
SQL: SELECT * FROM `cate`  [ RunTime:0.000474s ]
SQL: SELECT * FROM `cate` WHERE ( `pid` = 0 )  [ RunTime:0.000331s ]
SQL: SELECT `name` FROM `cate` WHERE ( `id` = 1 )  [ RunTime:0.000316s ]
SQL: SHOW COLUMNS FROM `blog` [ RunTime:0.030794s ]
SQL: SELECT `title`,`time`,`click` FROM `blog` WHERE ( `cid` IN ('1') )  [ RunTime:0.000355s ]
SQL: SELECT `name` FROM `cate` WHERE ( `id` = 2 )  [ RunTime:0.000257s ]
SQL: SELECT `title`,`time`,`click` FROM `blog` WHERE ( `cid` IN ('9','10','2') )  [ RunTime:0.000307s ]
SQL: SELECT `name` FROM `cate` WHERE ( `id` = 3 )  [ RunTime:0.000214s ]
SQL: SELECT `title`,`time`,`click` FROM `blog` WHERE ( `cid` IN ('3') )  [ RunTime:0.000343s ]
SQL: SELECT `name` FROM `cate` WHERE ( `id` = 4 )  [ RunTime:0.000267s ]
SQL: SELECT `title`,`time`,`click` FROM `blog` WHERE ( `cid` IN ('11','12','13','14','4') )  [ RunTime:0.000315s ]
SQL: SELECT `name` FROM `cate` WHERE ( `id` = 5 )  [ RunTime:0.000244s ]
SQL: SELECT `title`,`time`,`click` FROM `blog` WHERE ( `cid` IN ('19','20','5') )  [ RunTime:0.000276s ]
SQL: SELECT `name` FROM `cate` WHERE ( `id` = 6 )  [ RunTime:0.000251s ]
SQL: SELECT `title`,`time`,`click` FROM `blog` WHERE ( `cid` IN ('15','16','17','6') )  [ RunTime:0.000301s ]
SQL: SELECT `name` FROM `cate` WHERE ( `id` = 7 )  [ RunTime:0.000249s ]
SQL: SELECT `title`,`time`,`click` FROM `blog` WHERE ( `cid` IN ('7') )  [ RunTime:0.000270s ]
SQL: SELECT `name` FROM `cate` WHERE ( `id` = 8 )  [ RunTime:0.000249s ]
SQL: SELECT `title`,`time`,`click` FROM `blog` WHERE ( `cid` IN ('8') )  [ RunTime:0.000283s ]
INFO: [ view_parse ] --START--
NOTIC: [2] Missing argument 2 for TagLib::parseXmlAttr(), called in D:\wamp\www\blog\blog\Modules\index\TagLib\TagLibNav.class.php on line 10 and defined D:\wamp\www\blog\ThinkPHP\Lib\Template\TagLib.class.php 第 80 行.
NOTIC: [8] Undefined variable: tag D:\wamp\www\blog\ThinkPHP\Lib\Template\TagLib.class.php 第 91 行.
NOTIC: [8] Undefined index:  D:\wamp\www\blog\ThinkPHP\Lib\Template\TagLib.class.php 第 91 行.
NOTIC: [8] Undefined variable: tag D:\wamp\www\blog\ThinkPHP\Lib\Template\TagLib.class.php 第 92 行.
NOTIC: [8] Undefined index: sort D:\wamp\www\blog\blog\Modules\index\TagLib\TagLibNav.class.php 第 13 行.
NOTIC: [2] Missing argument 2 for TagLib::parseXmlAttr(), called in D:\wamp\www\blog\blog\Modules\index\TagLib\TagLibNav.class.php on line 25 and defined D:\wamp\www\blog\ThinkPHP\Lib\Template\TagLib.class.php 第 80 行.
NOTIC: [8] Undefined variable: tag D:\wamp\www\blog\ThinkPHP\Lib\Template\TagLib.class.php 第 91 行.
NOTIC: [8] Undefined index:  D:\wamp\www\blog\ThinkPHP\Lib\Template\TagLib.class.php 第 91 行.
NOTIC: [8] Undefined variable: tag D:\wamp\www\blog\ThinkPHP\Lib\Template\TagLib.class.php 第 92 行.
SQL: SELECT * FROM `cate`  [ RunTime:0.000970s ]
SQL: SELECT `id`,`title`,`click` FROM `blog` ORDER BY click DESC LIMIT 5   [ RunTime:0.001475s ]
SQL: SELECT `id`,`title`,`click` FROM `blog` ORDER BY click DESC LIMIT 5   [ RunTime:0.000419s ]
INFO: ParseTemplate Behavior ::run [ RunTime:0.246264s ]
INFO: [ view_parse ] --END-- [ RunTime:0.246368s ]
INFO: [ view_filter ] --START--
INFO: ContentReplace Behavior ::run [ RunTime:0.011520s ]
INFO: TokenBuild Behavior ::run [ RunTime:0.024412s ]
INFO: WriteHtmlCache Behavior ::run [ RunTime:0.001480s ]
INFO: ShowRuntime Behavior ::run [ RunTime:0.002071s ]
INFO: [ view_filter ] --END-- [ RunTime:0.040095s ]
INFO: [ view_end ] --START--
INFO: ShowPageTrace Behavior ::run [ RunTime:0.001889s ]
INFO: [ view_end ] --END-- [ RunTime:0.002100s ]

[ 2017-11-24T23:17:47+08:00 ] 0.0.0.0 /blog/
INFO: [ app_begin ] --START--
INFO: ReadHtmlCache Behavior ::run [ RunTime:0.000595s ]
INFO: [ app_begin ] --END-- [ RunTime:0.000693s ]
INFO: [ view_parse ] --START--
NOTIC: [2] Missing argument 2 for TagLib::parseXmlAttr(), called in D:\wamp\www\blog\blog\Modules\index\TagLib\TagLibNav.class.php on line 10 and defined D:\wamp\www\blog\ThinkPHP\Lib\Template\TagLib.class.php 第 80 行.
NOTIC: [8] Undefined variable: tag D:\wamp\www\blog\ThinkPHP\Lib\Template\TagLib.class.php 第 91 行.
NOTIC: [8] Undefined index:  D:\wamp\www\blog\ThinkPHP\Lib\Template\TagLib.class.php 第 91 行.
NOTIC: [8] Undefined variable: tag D:\wamp\www\blog\ThinkPHP\Lib\Template\TagLib.class.php 第 92 行.
NOTIC: [8] Undefined index: sort D:\wamp\www\blog\blog\Modules\index\TagLib\TagLibNav.class.php 第 13 行.
NOTIC: [2] Missing argument 2 for TagLib::parseXmlAttr(), called in D:\wamp\www\blog\blog\Modules\index\TagLib\TagLibNav.class.php on line 25 and defined D:\wamp\www\blog\ThinkPHP\Lib\Template\TagLib.class.php 第 80 行.
NOTIC: [8] Undefined variable: tag D:\wamp\www\blog\ThinkPHP\Lib\Template\TagLib.class.php 第 91 行.
NOTIC: [8] Undefined index:  D:\wamp\www\blog\ThinkPHP\Lib\Template\TagLib.class.php 第 91 行.
NOTIC: [8] Undefined variable: tag D:\wamp\www\blog\ThinkPHP\Lib\Template\TagLib.class.php 第 92 行.
SQL: SHOW COLUMNS FROM `cate` [ RunTime:0.006514s ]
SQL: SELECT * FROM `cate`  [ RunTime:0.000367s ]
SQL: SHOW COLUMNS FROM `blog` [ RunTime:0.006130s ]
SQL: SELECT `id`,`title`,`click` FROM `blog` ORDER BY click DESC LIMIT 5   [ RunTime:0.000394s ]
SQL: SELECT `id`,`title`,`click` FROM `blog` ORDER BY click DESC LIMIT 5   [ RunTime:0.000394s ]
INFO: ParseTemplate Behavior ::run [ RunTime:0.043124s ]
INFO: [ view_parse ] --END-- [ RunTime:0.043219s ]
INFO: [ view_filter ] --START--
INFO: ContentReplace Behavior ::run [ RunTime:0.000641s ]
INFO: TokenBuild Behavior ::run [ RunTime:0.000598s ]
INFO: WriteHtmlCache Behavior ::run [ RunTime:0.000453s ]
INFO: ShowRuntime Behavior ::run [ RunTime:0.000648s ]
INFO: [ view_filter ] --END-- [ RunTime:0.002589s ]
INFO: [ view_end ] --START--
INFO: ShowPageTrace Behavior ::run [ RunTime:0.000713s ]
INFO: [ view_end ] --END-- [ RunTime:0.000795s ]

[ 2017-11-24T23:17:49+08:00 ] 0.0.0.0 /blog/
INFO: [ app_begin ] --START--
INFO: ReadHtmlCache Behavior ::run [ RunTime:0.000733s ]
INFO: [ app_begin ] --END-- [ RunTime:0.000879s ]
INFO: [ view_parse ] --START--
NOTIC: [2] Missing argument 2 for TagLib::parseXmlAttr(), called in D:\wamp\www\blog\blog\Modules\index\TagLib\TagLibNav.class.php on line 10 and defined D:\wamp\www\blog\ThinkPHP\Lib\Template\TagLib.class.php 第 80 行.
NOTIC: [8] Undefined variable: tag D:\wamp\www\blog\ThinkPHP\Lib\Template\TagLib.class.php 第 91 行.
NOTIC: [8] Undefined index:  D:\wamp\www\blog\ThinkPHP\Lib\Template\TagLib.class.php 第 91 行.
NOTIC: [8] Undefined variable: tag D:\wamp\www\blog\ThinkPHP\Lib\Template\TagLib.class.php 第 92 行.
NOTIC: [8] Undefined index: sort D:\wamp\www\blog\blog\Modules\index\TagLib\TagLibNav.class.php 第 13 行.
NOTIC: [2] Missing argument 2 for TagLib::parseXmlAttr(), called in D:\wamp\www\blog\blog\Modules\index\TagLib\TagLibNav.class.php on line 25 and defined D:\wamp\www\blog\ThinkPHP\Lib\Template\TagLib.class.php 第 80 行.
NOTIC: [8] Undefined variable: tag D:\wamp\www\blog\ThinkPHP\Lib\Template\TagLib.class.php 第 91 行.
NOTIC: [8] Undefined index:  D:\wamp\www\blog\ThinkPHP\Lib\Template\TagLib.class.php 第 91 行.
NOTIC: [8] Undefined variable: tag D:\wamp\www\blog\ThinkPHP\Lib\Template\TagLib.class.php 第 92 行.
SQL: SHOW COLUMNS FROM `cate` [ RunTime:0.006528s ]
SQL: SELECT * FROM `cate`  [ RunTime:0.000362s ]
SQL: SHOW COLUMNS FROM `blog` [ RunTime:0.010298s ]
SQL: SELECT `id`,`title`,`click` FROM `blog` ORDER BY click DESC LIMIT 5   [ RunTime:0.000947s ]
SQL: SELECT `id`,`title`,`click` FROM `blog` ORDER BY click DESC LIMIT 5   [ RunTime:0.000398s ]
INFO: ParseTemplate Behavior ::run [ RunTime:0.049900s ]
INFO: [ view_parse ] --END-- [ RunTime:0.050008s ]
INFO: [ view_filter ] --START--
INFO: ContentReplace Behavior ::run [ RunTime:0.000632s ]
INFO: TokenBuild Behavior ::run [ RunTime:0.000568s ]
INFO: WriteHtmlCache Behavior ::run [ RunTime:0.000332s ]
INFO: ShowRuntime Behavior ::run [ RunTime:0.000620s ]
INFO: [ view_filter ] --END-- [ RunTime:0.002482s ]
INFO: [ view_end ] --START--
INFO: ShowPageTrace Behavior ::run [ RunTime:0.000607s ]
INFO: [ view_end ] --END-- [ RunTime:0.000686s ]

[ 2017-11-24T23:17:51+08:00 ] 0.0.0.0 /blog/
INFO: [ app_begin ] --START--
INFO: ReadHtmlCache Behavior ::run [ RunTime:0.000772s ]
INFO: [ app_begin ] --END-- [ RunTime:0.000914s ]
INFO: [ view_parse ] --START--
NOTIC: [2] Missing argument 2 for TagLib::parseXmlAttr(), called in D:\wamp\www\blog\blog\Modules\index\TagLib\TagLibNav.class.php on line 10 and defined D:\wamp\www\blog\ThinkPHP\Lib\Template\TagLib.class.php 第 80 行.
NOTIC: [8] Undefined variable: tag D:\wamp\www\blog\ThinkPHP\Lib\Template\TagLib.class.php 第 91 行.
NOTIC: [8] Undefined index:  D:\wamp\www\blog\ThinkPHP\Lib\Template\TagLib.class.php 第 91 行.
NOTIC: [8] Undefined variable: tag D:\wamp\www\blog\ThinkPHP\Lib\Template\TagLib.class.php 第 92 行.
NOTIC: [8] Undefined index: sort D:\wamp\www\blog\blog\Modules\index\TagLib\TagLibNav.class.php 第 13 行.
NOTIC: [2] Missing argument 2 for TagLib::parseXmlAttr(), called in D:\wamp\www\blog\blog\Modules\index\TagLib\TagLibNav.class.php on line 25 and defined D:\wamp\www\blog\ThinkPHP\Lib\Template\TagLib.class.php 第 80 行.
NOTIC: [8] Undefined variable: tag D:\wamp\www\blog\ThinkPHP\Lib\Template\TagLib.class.php 第 91 行.
NOTIC: [8] Undefined index:  D:\wamp\www\blog\ThinkPHP\Lib\Template\TagLib.class.php 第 91 行.
NOTIC: [8] Undefined variable: tag D:\wamp\www\blog\ThinkPHP\Lib\Template\TagLib.class.php 第 92 行.
SQL: SHOW COLUMNS FROM `cate` [ RunTime:0.005321s ]
SQL: SELECT * FROM `cate`  [ RunTime:0.000285s ]
SQL: SHOW COLUMNS FROM `blog` [ RunTime:0.040500s ]
SQL: SELECT `id`,`title`,`click` FROM `blog` ORDER BY click DESC LIMIT 5   [ RunTime:0.000292s ]
SQL: SELECT `id`,`title`,`click` FROM `blog` ORDER BY click DESC LIMIT 5   [ RunTime:0.000335s ]
INFO: ParseTemplate Behavior ::run [ RunTime:0.074983s ]
INFO: [ view_parse ] --END-- [ RunTime:0.075085s ]
INFO: [ view_filter ] --START--
INFO: ContentReplace Behavior ::run [ RunTime:0.000769s ]
INFO: TokenBuild Behavior ::run [ RunTime:0.000581s ]
INFO: WriteHtmlCache Behavior ::run [ RunTime:0.000287s ]
INFO: ShowRuntime Behavior ::run [ RunTime:0.000439s ]
INFO: [ view_filter ] --END-- [ RunTime:0.002327s ]
INFO: [ view_end ] --START--
INFO: ShowPageTrace Behavior ::run [ RunTime:0.000475s ]
INFO: [ view_end ] --END-- [ RunTime:0.000546s ]

[ 2017-11-24T23:17:52+08:00 ] 0.0.0.0 /blog/
INFO: [ app_begin ] --START--
INFO: ReadHtmlCache Behavior ::run [ RunTime:0.000463s ]
INFO: [ app_begin ] --END-- [ RunTime:0.000554s ]
INFO: [ view_parse ] --START--
NOTIC: [2] Missing argument 2 for TagLib::parseXmlAttr(), called in D:\wamp\www\blog\blog\Modules\index\TagLib\TagLibNav.class.php on line 10 and defined D:\wamp\www\blog\ThinkPHP\Lib\Template\TagLib.class.php 第 80 行.
NOTIC: [8] Undefined variable: tag D:\wamp\www\blog\ThinkPHP\Lib\Template\TagLib.class.php 第 91 行.
NOTIC: [8] Undefined index:  D:\wamp\www\blog\ThinkPHP\Lib\Template\TagLib.class.php 第 91 行.
NOTIC: [8] Undefined variable: tag D:\wamp\www\blog\ThinkPHP\Lib\Template\TagLib.class.php 第 92 行.
NOTIC: [8] Undefined index: sort D:\wamp\www\blog\blog\Modules\index\TagLib\TagLibNav.class.php 第 13 行.
NOTIC: [2] Missing argument 2 for TagLib::parseXmlAttr(), called in D:\wamp\www\blog\blog\Modules\index\TagLib\TagLibNav.class.php on line 25 and defined D:\wamp\www\blog\ThinkPHP\Lib\Template\TagLib.class.php 第 80 行.
NOTIC: [8] Undefined variable: tag D:\wamp\www\blog\ThinkPHP\Lib\Template\TagLib.class.php 第 91 行.
NOTIC: [8] Undefined index:  D:\wamp\www\blog\ThinkPHP\Lib\Template\TagLib.class.php 第 91 行.
NOTIC: [8] Undefined variable: tag D:\wamp\www\blog\ThinkPHP\Lib\Template\TagLib.class.php 第 92 行.
SQL: SHOW COLUMNS FROM `cate` [ RunTime:0.005249s ]
SQL: SELECT * FROM `cate`  [ RunTime:0.000348s ]
SQL: SHOW COLUMNS FROM `blog` [ RunTime:0.005655s ]
SQL: SELECT `id`,`title`,`click` FROM `blog` ORDER BY click DESC LIMIT 5   [ RunTime:0.000354s ]
SQL: SELECT `id`,`title`,`click` FROM `blog` ORDER BY click DESC LIMIT 5   [ RunTime:0.000366s ]
INFO: ParseTemplate Behavior ::run [ RunTime:0.039784s ]
INFO: [ view_parse ] --END-- [ RunTime:0.039886s ]
INFO: [ view_filter ] --START--
INFO: ContentReplace Behavior ::run [ RunTime:0.000475s ]
INFO: TokenBuild Behavior ::run [ RunTime:0.000472s ]
INFO: WriteHtmlCache Behavior ::run [ RunTime:0.000308s ]
INFO: ShowRuntime Behavior ::run [ RunTime:0.000496s ]
INFO: [ view_filter ] --END-- [ RunTime:0.001978s ]
INFO: [ view_end ] --START--
INFO: ShowPageTrace Behavior ::run [ RunTime:0.000503s ]
INFO: [ view_end ] --END-- [ RunTime:0.000574s ]

[ 2017-11-24T23:17:53+08:00 ] 0.0.0.0 /blog/
INFO: [ app_begin ] --START--
INFO: ReadHtmlCache Behavior ::run [ RunTime:0.000499s ]
INFO: [ app_begin ] --END-- [ RunTime:0.000598s ]
INFO: [ view_parse ] --START--
NOTIC: [2] Missing argument 2 for TagLib::parseXmlAttr(), called in D:\wamp\www\blog\blog\Modules\index\TagLib\TagLibNav.class.php on line 10 and defined D:\wamp\www\blog\ThinkPHP\Lib\Template\TagLib.class.php 第 80 行.
NOTIC: [8] Undefined variable: tag D:\wamp\www\blog\ThinkPHP\Lib\Template\TagLib.class.php 第 91 行.
NOTIC: [8] Undefined index:  D:\wamp\www\blog\ThinkPHP\Lib\Template\TagLib.class.php 第 91 行.
NOTIC: [8] Undefined variable: tag D:\wamp\www\blog\ThinkPHP\Lib\Template\TagLib.class.php 第 92 行.
NOTIC: [8] Undefined index: sort D:\wamp\www\blog\blog\Modules\index\TagLib\TagLibNav.class.php 第 13 行.
NOTIC: [2] Missing argument 2 for TagLib::parseXmlAttr(), called in D:\wamp\www\blog\blog\Modules\index\TagLib\TagLibNav.class.php on line 25 and defined D:\wamp\www\blog\ThinkPHP\Lib\Template\TagLib.class.php 第 80 行.
NOTIC: [8] Undefined variable: tag D:\wamp\www\blog\ThinkPHP\Lib\Template\TagLib.class.php 第 91 行.
NOTIC: [8] Undefined index:  D:\wamp\www\blog\ThinkPHP\Lib\Template\TagLib.class.php 第 91 行.
NOTIC: [8] Undefined variable: tag D:\wamp\www\blog\ThinkPHP\Lib\Template\TagLib.class.php 第 92 行.
SQL: SHOW COLUMNS FROM `cate` [ RunTime:0.006106s ]
SQL: SELECT * FROM `cate`  [ RunTime:0.000387s ]
SQL: SHOW COLUMNS FROM `blog` [ RunTime:0.008931s ]
SQL: SELECT `id`,`title`,`click` FROM `blog` ORDER BY click DESC LIMIT 5   [ RunTime:0.000332s ]
SQL: SELECT `id`,`title`,`click` FROM `blog` ORDER BY click DESC LIMIT 5   [ RunTime:0.000378s ]
INFO: ParseTemplate Behavior ::run [ RunTime:0.044135s ]
INFO: [ view_parse ] --END-- [ RunTime:0.044243s ]
INFO: [ view_filter ] --START--
INFO: ContentReplace Behavior ::run [ RunTime:0.000582s ]
INFO: TokenBuild Behavior ::run [ RunTime:0.000533s ]
INFO: WriteHtmlCache Behavior ::run [ RunTime:0.000375s ]
INFO: ShowRuntime Behavior ::run [ RunTime:0.000633s ]
INFO: [ view_filter ] --END-- [ RunTime:0.002432s ]
INFO: [ view_end ] --START--
INFO: ShowPageTrace Behavior ::run [ RunTime:0.000622s ]
INFO: [ view_end ] --END-- [ RunTime:0.000717s ]

[ 2017-11-24T23:17:56+08:00 ] 0.0.0.0 /blog/
INFO: [ app_begin ] --START--
INFO: ReadHtmlCache Behavior ::run [ RunTime:0.000566s ]
INFO: [ app_begin ] --END-- [ RunTime:0.000690s ]
SQL: SHOW COLUMNS FROM `cate` [ RunTime:0.005843s ]
SQL: SELECT * FROM `cate`  [ RunTime:0.000369s ]
SQL: SELECT * FROM `cate` WHERE ( `pid` = 0 )  [ RunTime:0.000298s ]
SQL: SELECT `name` FROM `cate` WHERE ( `id` = 1 )  [ RunTime:0.000291s ]
SQL: SHOW COLUMNS FROM `blog` [ RunTime:0.005548s ]
SQL: SELECT `title`,`time`,`click` FROM `blog` WHERE ( `cid` IN ('1') )  [ RunTime:0.000332s ]
SQL: SELECT `name` FROM `cate` WHERE ( `id` = 2 )  [ RunTime:0.000271s ]
SQL: SELECT `title`,`time`,`click` FROM `blog` WHERE ( `cid` IN ('9','10','2') )  [ RunTime:0.000292s ]
SQL: SELECT `name` FROM `cate` WHERE ( `id` = 3 )  [ RunTime:0.000270s ]
SQL: SELECT `title`,`time`,`click` FROM `blog` WHERE ( `cid` IN ('3') )  [ RunTime:0.000300s ]
SQL: SELECT `name` FROM `cate` WHERE ( `id` = 4 )  [ RunTime:0.000207s ]
SQL: SELECT `title`,`time`,`click` FROM `blog` WHERE ( `cid` IN ('11','12','13','14','4') )  [ RunTime:0.000276s ]
SQL: SELECT `name` FROM `cate` WHERE ( `id` = 5 )  [ RunTime:0.000241s ]
SQL: SELECT `title`,`time`,`click` FROM `blog` WHERE ( `cid` IN ('19','20','5') )  [ RunTime:0.001216s ]
SQL: SELECT `name` FROM `cate` WHERE ( `id` = 6 )  [ RunTime:0.000922s ]
SQL: SELECT `title`,`time`,`click` FROM `blog` WHERE ( `cid` IN ('15','16','17','6') )  [ RunTime:0.000457s ]
SQL: SELECT `name` FROM `cate` WHERE ( `id` = 7 )  [ RunTime:0.000419s ]
SQL: SELECT `title`,`time`,`click` FROM `blog` WHERE ( `cid` IN ('7') )  [ RunTime:0.000293s ]
SQL: SELECT `name` FROM `cate` WHERE ( `id` = 8 )  [ RunTime:0.000247s ]
SQL: SELECT `title`,`time`,`click` FROM `blog` WHERE ( `cid` IN ('8') )  [ RunTime:0.000257s ]
INFO: [ view_parse ] --START--
NOTIC: [2] Missing argument 2 for TagLib::parseXmlAttr(), called in D:\wamp\www\blog\blog\Modules\index\TagLib\TagLibNav.class.php on line 10 and defined D:\wamp\www\blog\ThinkPHP\Lib\Template\TagLib.class.php 第 80 行.
NOTIC: [8] Undefined variable: tag D:\wamp\www\blog\ThinkPHP\Lib\Template\TagLib.class.php 第 91 行.
NOTIC: [8] Undefined index:  D:\wamp\www\blog\ThinkPHP\Lib\Template\TagLib.class.php 第 91 行.
NOTIC: [8] Undefined variable: tag D:\wamp\www\blog\ThinkPHP\Lib\Template\TagLib.class.php 第 92 行.
NOTIC: [8] Undefined index: sort D:\wamp\www\blog\blog\Modules\index\TagLib\TagLibNav.class.php 第 13 行.
NOTIC: [2] Missing argument 2 for TagLib::parseXmlAttr(), called in D:\wamp\www\blog\blog\Modules\index\TagLib\TagLibNav.class.php on line 25 and defined D:\wamp\www\blog\ThinkPHP\Lib\Template\TagLib.class.php 第 80 行.
NOTIC: [8] Undefined variable: tag D:\wamp\www\blog\ThinkPHP\Lib\Template\TagLib.class.php 第 91 行.
NOTIC: [8] Undefined index:  D:\wamp\www\blog\ThinkPHP\Lib\Template\TagLib.class.php 第 91 行.
NOTIC: [8] Undefined variable: tag D:\wamp\www\blog\ThinkPHP\Lib\Template\TagLib.class.php 第 92 行.
SQL: SELECT * FROM `cate`  [ RunTime:0.000458s ]
SQL: SELECT `id`,`title`,`click` FROM `blog` ORDER BY click DESC LIMIT 5   [ RunTime:0.000373s ]
SQL: SELECT `id`,`title`,`click` FROM `blog` ORDER BY click DESC LIMIT 5   [ RunTime:0.000369s ]
INFO: ParseTemplate Behavior ::run [ RunTime:0.019804s ]
INFO: [ view_parse ] --END-- [ RunTime:0.019901s ]
INFO: [ view_filter ] --START--
INFO: ContentReplace Behavior ::run [ RunTime:0.000552s ]
INFO: TokenBuild Behavior ::run [ RunTime:0.000521s ]
INFO: WriteHtmlCache Behavior ::run [ RunTime:0.000366s ]
INFO: ShowRuntime Behavior ::run [ RunTime:0.000494s ]
INFO: [ view_filter ] --END-- [ RunTime:0.002168s ]
INFO: [ view_end ] --START--
INFO: ShowPageTrace Behavior ::run [ RunTime:0.000537s ]
INFO: [ view_end ] --END-- [ RunTime:0.000610s ]

[ 2017-11-24T23:18:01+08:00 ] 0.0.0.0 /blog/
INFO: [ app_begin ] --START--
INFO: ReadHtmlCache Behavior ::run [ RunTime:0.000541s ]
INFO: [ app_begin ] --END-- [ RunTime:0.000634s ]
INFO: [ view_parse ] --START--
NOTIC: [2] Missing argument 2 for TagLib::parseXmlAttr(), called in D:\wamp\www\blog\blog\Modules\index\TagLib\TagLibNav.class.php on line 10 and defined D:\wamp\www\blog\ThinkPHP\Lib\Template\TagLib.class.php 第 80 行.
NOTIC: [8] Undefined variable: tag D:\wamp\www\blog\ThinkPHP\Lib\Template\TagLib.class.php 第 91 行.
NOTIC: [8] Undefined index:  D:\wamp\www\blog\ThinkPHP\Lib\Template\TagLib.class.php 第 91 行.
NOTIC: [8] Undefined variable: tag D:\wamp\www\blog\ThinkPHP\Lib\Template\TagLib.class.php 第 92 行.
NOTIC: [8] Undefined index: sort D:\wamp\www\blog\blog\Modules\index\TagLib\TagLibNav.class.php 第 13 行.
NOTIC: [2] Missing argument 2 for TagLib::parseXmlAttr(), called in D:\wamp\www\blog\blog\Modules\index\TagLib\TagLibNav.class.php on line 25 and defined D:\wamp\www\blog\ThinkPHP\Lib\Template\TagLib.class.php 第 80 行.
NOTIC: [8] Undefined variable: tag D:\wamp\www\blog\ThinkPHP\Lib\Template\TagLib.class.php 第 91 行.
NOTIC: [8] Undefined index:  D:\wamp\www\blog\ThinkPHP\Lib\Template\TagLib.class.php 第 91 行.
NOTIC: [8] Undefined variable: tag D:\wamp\www\blog\ThinkPHP\Lib\Template\TagLib.class.php 第 92 行.
SQL: SHOW COLUMNS FROM `cate` [ RunTime:0.005391s ]
SQL: SELECT * FROM `cate`  [ RunTime:0.000390s ]
SQL: SHOW COLUMNS FROM `blog` [ RunTime:0.005951s ]
SQL: SELECT `id`,`title`,`click` FROM `blog` ORDER BY click DESC LIMIT 5   [ RunTime:0.000704s ]
SQL: SELECT `id`,`title`,`click` FROM `blog` ORDER BY click DESC LIMIT 5   [ RunTime:0.000410s ]
INFO: ParseTemplate Behavior ::run [ RunTime:0.043942s ]
INFO: [ view_parse ] --END-- [ RunTime:0.044050s ]
INFO: [ view_filter ] --START--
INFO: ContentReplace Behavior ::run [ RunTime:0.000625s ]
INFO: TokenBuild Behavior ::run [ RunTime:0.000487s ]
INFO: WriteHtmlCache Behavior ::run [ RunTime:0.000405s ]
INFO: ShowRuntime Behavior ::run [ RunTime:0.000571s ]
INFO: [ view_filter ] --END-- [ RunTime:0.002336s ]
INFO: [ view_end ] --START--
INFO: ShowPageTrace Behavior ::run [ RunTime:0.000582s ]
INFO: [ view_end ] --END-- [ RunTime:0.000655s ]

[ 2017-11-24T23:18:03+08:00 ] 0.0.0.0 /blog/
INFO: [ app_begin ] --START--
INFO: ReadHtmlCache Behavior ::run [ RunTime:0.000810s ]
INFO: [ app_begin ] --END-- [ RunTime:0.000958s ]
INFO: [ view_parse ] --START--
NOTIC: [2] Missing argument 2 for TagLib::parseXmlAttr(), called in D:\wamp\www\blog\blog\Modules\index\TagLib\TagLibNav.class.php on line 10 and defined D:\wamp\www\blog\ThinkPHP\Lib\Template\TagLib.class.php 第 80 行.
NOTIC: [8] Undefined variable: tag D:\wamp\www\blog\ThinkPHP\Lib\Template\TagLib.class.php 第 91 行.
NOTIC: [8] Undefined index:  D:\wamp\www\blog\ThinkPHP\Lib\Template\TagLib.class.php 第 91 行.
NOTIC: [8] Undefined variable: tag D:\wamp\www\blog\ThinkPHP\Lib\Template\TagLib.class.php 第 92 行.
NOTIC: [8] Undefined index: sort D:\wamp\www\blog\blog\Modules\index\TagLib\TagLibNav.class.php 第 13 行.
NOTIC: [2] Missing argument 2 for TagLib::parseXmlAttr(), called in D:\wamp\www\blog\blog\Modules\index\TagLib\TagLibNav.class.php on line 25 and defined D:\wamp\www\blog\ThinkPHP\Lib\Template\TagLib.class.php 第 80 行.
NOTIC: [8] Undefined variable: tag D:\wamp\www\blog\ThinkPHP\Lib\Template\TagLib.class.php 第 91 行.
NOTIC: [8] Undefined index:  D:\wamp\www\blog\ThinkPHP\Lib\Template\TagLib.class.php 第 91 行.
NOTIC: [8] Undefined variable: tag D:\wamp\www\blog\ThinkPHP\Lib\Template\TagLib.class.php 第 92 行.
SQL: SHOW COLUMNS FROM `cate` [ RunTime:0.005730s ]
SQL: SELECT * FROM `cate`  [ RunTime:0.000299s ]
SQL: SHOW COLUMNS FROM `blog` [ RunTime:0.005142s ]
SQL: SELECT `id`,`title`,`click` FROM `blog` ORDER BY click DESC LIMIT 5   [ RunTime:0.000326s ]
SQL: SELECT `id`,`title`,`click` FROM `blog` ORDER BY click DESC LIMIT 5   [ RunTime:0.000344s ]
INFO: ParseTemplate Behavior ::run [ RunTime:0.047224s ]
INFO: [ view_parse ] --END-- [ RunTime:0.047327s ]
INFO: [ view_filter ] --START--
INFO: ContentReplace Behavior ::run [ RunTime:0.000514s ]
INFO: TokenBuild Behavior ::run [ RunTime:0.000446s ]
INFO: WriteHtmlCache Behavior ::run [ RunTime:0.000327s ]
INFO: ShowRuntime Behavior ::run [ RunTime:0.000519s ]
INFO: [ view_filter ] --END-- [ RunTime:0.002061s ]
INFO: [ view_end ] --START--
INFO: ShowPageTrace Behavior ::run [ RunTime:0.000544s ]
INFO: [ view_end ] --END-- [ RunTime:0.000616s ]

[ 2017-11-24T23:18:05+08:00 ] 0.0.0.0 /blog/
INFO: [ app_begin ] --START--
INFO: ReadHtmlCache Behavior ::run [ RunTime:0.000770s ]
INFO: [ app_begin ] --END-- [ RunTime:0.000935s ]
INFO: [ view_parse ] --START--
NOTIC: [2] Missing argument 2 for TagLib::parseXmlAttr(), called in D:\wamp\www\blog\blog\Modules\index\TagLib\TagLibNav.class.php on line 10 and defined D:\wamp\www\blog\ThinkPHP\Lib\Template\TagLib.class.php 第 80 行.
NOTIC: [8] Undefined variable: tag D:\wamp\www\blog\ThinkPHP\Lib\Template\TagLib.class.php 第 91 行.
NOTIC: [8] Undefined index:  D:\wamp\www\blog\ThinkPHP\Lib\Template\TagLib.class.php 第 91 行.
NOTIC: [8] Undefined variable: tag D:\wamp\www\blog\ThinkPHP\Lib\Template\TagLib.class.php 第 92 行.
NOTIC: [8] Undefined index: sort D:\wamp\www\blog\blog\Modules\index\TagLib\TagLibNav.class.php 第 13 行.
NOTIC: [2] Missing argument 2 for TagLib::parseXmlAttr(), called in D:\wamp\www\blog\blog\Modules\index\TagLib\TagLibNav.class.php on line 25 and defined D:\wamp\www\blog\ThinkPHP\Lib\Template\TagLib.class.php 第 80 行.
NOTIC: [8] Undefined variable: tag D:\wamp\www\blog\ThinkPHP\Lib\Template\TagLib.class.php 第 91 行.
NOTIC: [8] Undefined index:  D:\wamp\www\blog\ThinkPHP\Lib\Template\TagLib.class.php 第 91 行.
NOTIC: [8] Undefined variable: tag D:\wamp\www\blog\ThinkPHP\Lib\Template\TagLib.class.php 第 92 行.
SQL: SHOW COLUMNS FROM `cate` [ RunTime:0.005376s ]
SQL: SELECT * FROM `cate`  [ RunTime:0.000315s ]
SQL: SHOW COLUMNS FROM `blog` [ RunTime:0.005123s ]
SQL: SELECT `id`,`title`,`click` FROM `blog` ORDER BY click DESC LIMIT 5   [ RunTime:0.000288s ]
SQL: SELECT `id`,`title`,`click` FROM `blog` ORDER BY click DESC LIMIT 5   [ RunTime:0.000337s ]
INFO: ParseTemplate Behavior ::run [ RunTime:0.047687s ]
INFO: [ view_parse ] --END-- [ RunTime:0.047778s ]
INFO: [ view_filter ] --START--
INFO: ContentReplace Behavior ::run [ RunTime:0.000895s ]
INFO: TokenBuild Behavior ::run [ RunTime:0.000414s ]
INFO: WriteHtmlCache Behavior ::run [ RunTime:0.000277s ]
INFO: ShowRuntime Behavior ::run [ RunTime:0.000550s ]
INFO: [ view_filter ] --END-- [ RunTime:0.002343s ]
INFO: [ view_end ] --START--
INFO: ShowPageTrace Behavior ::run [ RunTime:0.000610s ]
INFO: [ view_end ] --END-- [ RunTime:0.000697s ]

[ 2017-11-24T23:18:07+08:00 ] 0.0.0.0 /blog/
INFO: [ app_begin ] --START--
INFO: ReadHtmlCache Behavior ::run [ RunTime:0.000573s ]
INFO: [ app_begin ] --END-- [ RunTime:0.000690s ]
SQL: SHOW COLUMNS FROM `cate` [ RunTime:0.005455s ]
SQL: SELECT * FROM `cate`  [ RunTime:0.000348s ]
SQL: SELECT * FROM `cate` WHERE ( `pid` = 0 )  [ RunTime:0.000239s ]
SQL: SELECT `name` FROM `cate` WHERE ( `id` = 1 )  [ RunTime:0.000213s ]
SQL: SHOW COLUMNS FROM `blog` [ RunTime:0.005790s ]
SQL: SELECT `title`,`time`,`click` FROM `blog` WHERE ( `cid` IN ('1') )  [ RunTime:0.000348s ]
SQL: SELECT `name` FROM `cate` WHERE ( `id` = 2 )  [ RunTime:0.000222s ]
SQL: SELECT `title`,`time`,`click` FROM `blog` WHERE ( `cid` IN ('9','10','2') )  [ RunTime:0.000225s ]
SQL: SELECT `name` FROM `cate` WHERE ( `id` = 3 )  [ RunTime:0.000219s ]
SQL: SELECT `title`,`time`,`click` FROM `blog` WHERE ( `cid` IN ('3') )  [ RunTime:0.000246s ]
SQL: SELECT `name` FROM `cate` WHERE ( `id` = 4 )  [ RunTime:0.000197s ]
SQL: SELECT `title`,`time`,`click` FROM `blog` WHERE ( `cid` IN ('11','12','13','14','4') )  [ RunTime:0.000253s ]
SQL: SELECT `name` FROM `cate` WHERE ( `id` = 5 )  [ RunTime:0.000192s ]
SQL: SELECT `title`,`time`,`click` FROM `blog` WHERE ( `cid` IN ('19','20','5') )  [ RunTime:0.000239s ]
SQL: SELECT `name` FROM `cate` WHERE ( `id` = 6 )  [ RunTime:0.000194s ]
SQL: SELECT `title`,`time`,`click` FROM `blog` WHERE ( `cid` IN ('15','16','17','6') )  [ RunTime:0.000216s ]
SQL: SELECT `name` FROM `cate` WHERE ( `id` = 7 )  [ RunTime:0.000177s ]
SQL: SELECT `title`,`time`,`click` FROM `blog` WHERE ( `cid` IN ('7') )  [ RunTime:0.000243s ]
SQL: SELECT `name` FROM `cate` WHERE ( `id` = 8 )  [ RunTime:0.000220s ]
SQL: SELECT `title`,`time`,`click` FROM `blog` WHERE ( `cid` IN ('8') )  [ RunTime:0.000239s ]
INFO: [ view_parse ] --START--
NOTIC: [2] Missing argument 2 for TagLib::parseXmlAttr(), called in D:\wamp\www\blog\blog\Modules\index\TagLib\TagLibNav.class.php on line 10 and defined D:\wamp\www\blog\ThinkPHP\Lib\Template\TagLib.class.php 第 80 行.
NOTIC: [8] Undefined variable: tag D:\wamp\www\blog\ThinkPHP\Lib\Template\TagLib.class.php 第 91 行.
NOTIC: [8] Undefined index:  D:\wamp\www\blog\ThinkPHP\Lib\Template\TagLib.class.php 第 91 行.
NOTIC: [8] Undefined variable: tag D:\wamp\www\blog\ThinkPHP\Lib\Template\TagLib.class.php 第 92 行.
NOTIC: [8] Undefined index: sort D:\wamp\www\blog\blog\Modules\index\TagLib\TagLibNav.class.php 第 13 行.
NOTIC: [2] Missing argument 2 for TagLib::parseXmlAttr(), called in D:\wamp\www\blog\blog\Modules\index\TagLib\TagLibNav.class.php on line 25 and defined D:\wamp\www\blog\ThinkPHP\Lib\Template\TagLib.class.php 第 80 行.
NOTIC: [8] Undefined variable: tag D:\wamp\www\blog\ThinkPHP\Lib\Template\TagLib.class.php 第 91 行.
NOTIC: [8] Undefined index:  D:\wamp\www\blog\ThinkPHP\Lib\Template\TagLib.class.php 第 91 行.
NOTIC: [8] Undefined variable: tag D:\wamp\www\blog\ThinkPHP\Lib\Template\TagLib.class.php 第 92 行.
SQL: SELECT * FROM `cate`  [ RunTime:0.000341s ]
SQL: SELECT `id`,`title`,`click` FROM `blog` ORDER BY click DESC LIMIT 5   [ RunTime:0.000259s ]
SQL: SELECT `id`,`title`,`click` FROM `blog` ORDER BY click DESC LIMIT 5   [ RunTime:0.000316s ]
INFO: ParseTemplate Behavior ::run [ RunTime:0.020546s ]
INFO: [ view_parse ] --END-- [ RunTime:0.020645s ]
INFO: [ view_filter ] --START--
INFO: ContentReplace Behavior ::run [ RunTime:0.000584s ]
INFO: TokenBuild Behavior ::run [ RunTime:0.000490s ]
INFO: WriteHtmlCache Behavior ::run [ RunTime:0.000386s ]
INFO: ShowRuntime Behavior ::run [ RunTime:0.000550s ]
INFO: [ view_filter ] --END-- [ RunTime:0.002243s ]
INFO: [ view_end ] --START--
INFO: ShowPageTrace Behavior ::run [ RunTime:0.000569s ]
INFO: [ view_end ] --END-- [ RunTime:0.000648s ]

[ 2017-11-24T23:18:09+08:00 ] 0.0.0.0 /blog/
INFO: [ app_begin ] --START--
INFO: ReadHtmlCache Behavior ::run [ RunTime:0.000809s ]
INFO: [ app_begin ] --END-- [ RunTime:0.000935s ]
INFO: [ view_parse ] --START--
NOTIC: [2] Missing argument 2 for TagLib::parseXmlAttr(), called in D:\wamp\www\blog\blog\Modules\index\TagLib\TagLibNav.class.php on line 10 and defined D:\wamp\www\blog\ThinkPHP\Lib\Template\TagLib.class.php 第 80 行.
NOTIC: [8] Undefined variable: tag D:\wamp\www\blog\ThinkPHP\Lib\Template\TagLib.class.php 第 91 行.
NOTIC: [8] Undefined index:  D:\wamp\www\blog\ThinkPHP\Lib\Template\TagLib.class.php 第 91 行.
NOTIC: [8] Undefined variable: tag D:\wamp\www\blog\ThinkPHP\Lib\Template\TagLib.class.php 第 92 行.
NOTIC: [8] Undefined index: sort D:\wamp\www\blog\blog\Modules\index\TagLib\TagLibNav.class.php 第 13 行.
NOTIC: [2] Missing argument 2 for TagLib::parseXmlAttr(), called in D:\wamp\www\blog\blog\Modules\index\TagLib\TagLibNav.class.php on line 25 and defined D:\wamp\www\blog\ThinkPHP\Lib\Template\TagLib.class.php 第 80 行.
NOTIC: [8] Undefined variable: tag D:\wamp\www\blog\ThinkPHP\Lib\Template\TagLib.class.php 第 91 行.
NOTIC: [8] Undefined index:  D:\wamp\www\blog\ThinkPHP\Lib\Template\TagLib.class.php 第 91 行.
NOTIC: [8] Undefined variable: tag D:\wamp\www\blog\ThinkPHP\Lib\Template\TagLib.class.php 第 92 行.
SQL: SHOW COLUMNS FROM `cate` [ RunTime:0.005675s ]
SQL: SELECT * FROM `cate`  [ RunTime:0.000407s ]
SQL: SHOW COLUMNS FROM `blog` [ RunTime:0.005388s ]
SQL: SELECT `id`,`title`,`click` FROM `blog` ORDER BY click DESC LIMIT 5   [ RunTime:0.000247s ]
SQL: SELECT `id`,`title`,`click` FROM `blog` ORDER BY click DESC LIMIT 5   [ RunTime:0.000346s ]
INFO: ParseTemplate Behavior ::run [ RunTime:0.046430s ]
INFO: [ view_parse ] --END-- [ RunTime:0.046514s ]
INFO: [ view_filter ] --START--
INFO: ContentReplace Behavior ::run [ RunTime:0.000436s ]
INFO: TokenBuild Behavior ::run [ RunTime:0.000410s ]
INFO: WriteHtmlCache Behavior ::run [ RunTime:0.000340s ]
INFO: ShowRuntime Behavior ::run [ RunTime:0.000475s ]
INFO: [ view_filter ] --END-- [ RunTime:0.001871s ]
INFO: [ view_end ] --START--
INFO: ShowPageTrace Behavior ::run [ RunTime:0.000978s ]
INFO: [ view_end ] --END-- [ RunTime:0.001087s ]

[ 2017-11-24T23:18:11+08:00 ] 0.0.0.0 /blog/
INFO: [ app_begin ] --START--
INFO: ReadHtmlCache Behavior ::run [ RunTime:0.000458s ]
INFO: [ app_begin ] --END-- [ RunTime:0.000548s ]
INFO: [ view_parse ] --START--
NOTIC: [2] Missing argument 2 for TagLib::parseXmlAttr(), called in D:\wamp\www\blog\blog\Modules\index\TagLib\TagLibNav.class.php on line 10 and defined D:\wamp\www\blog\ThinkPHP\Lib\Template\TagLib.class.php 第 80 行.
NOTIC: [8] Undefined variable: tag D:\wamp\www\blog\ThinkPHP\Lib\Template\TagLib.class.php 第 91 行.
NOTIC: [8] Undefined index:  D:\wamp\www\blog\ThinkPHP\Lib\Template\TagLib.class.php 第 91 行.
NOTIC: [8] Undefined variable: tag D:\wamp\www\blog\ThinkPHP\Lib\Template\TagLib.class.php 第 92 行.
NOTIC: [8] Undefined index: sort D:\wamp\www\blog\blog\Modules\index\TagLib\TagLibNav.class.php 第 13 行.
NOTIC: [2] Missing argument 2 for TagLib::parseXmlAttr(), called in D:\wamp\www\blog\blog\Modules\index\TagLib\TagLibNav.class.php on line 25 and defined D:\wamp\www\blog\ThinkPHP\Lib\Template\TagLib.class.php 第 80 行.
NOTIC: [8] Undefined variable: tag D:\wamp\www\blog\ThinkPHP\Lib\Template\TagLib.class.php 第 91 行.
NOTIC: [8] Undefined index:  D:\wamp\www\blog\ThinkPHP\Lib\Template\TagLib.class.php 第 91 行.
NOTIC: [8] Undefined variable: tag D:\wamp\www\blog\ThinkPHP\Lib\Template\TagLib.class.php 第 92 行.
SQL: SHOW COLUMNS FROM `cate` [ RunTime:0.005027s ]
SQL: SELECT * FROM `cate`  [ RunTime:0.000286s ]
SQL: SHOW COLUMNS FROM `blog` [ RunTime:0.005371s ]
SQL: SELECT `id`,`title`,`click` FROM `blog` ORDER BY click DESC LIMIT 5   [ RunTime:0.000294s ]
SQL: SELECT `id`,`title`,`click` FROM `blog` ORDER BY click DESC LIMIT 5   [ RunTime:0.000376s ]
INFO: ParseTemplate Behavior ::run [ RunTime:0.035481s ]
INFO: [ view_parse ] --END-- [ RunTime:0.035593s ]
INFO: [ view_filter ] --START--
INFO: ContentReplace Behavior ::run [ RunTime:0.000478s ]
INFO: TokenBuild Behavior ::run [ RunTime:0.000408s ]
INFO: WriteHtmlCache Behavior ::run [ RunTime:0.000276s ]
INFO: ShowRuntime Behavior ::run [ RunTime:0.000476s ]
INFO: [ view_filter ] --END-- [ RunTime:0.001857s ]
INFO: [ view_end ] --START--
INFO: ShowPageTrace Behavior ::run [ RunTime:0.000557s ]
INFO: [ view_end ] --END-- [ RunTime:0.000634s ]

[ 2017-11-24T23:18:14+08:00 ] 0.0.0.0 /blog/admin
INFO: [ route_check ] --START--
INFO: CheckRoute Behavior ::run [ RunTime:0.000810s ]
INFO: [ route_check ] --END-- [ RunTime:0.000938s ]
INFO: [ app_begin ] --START--
INFO: ReadHtmlCache Behavior ::run [ RunTime:0.000599s ]
INFO: [ app_begin ] --END-- [ RunTime:0.000691s ]

[ 2017-11-24T23:18:15+08:00 ] 127.0.0.1 /blog/index.php/admin/Login/index.html
INFO: [ route_check ] --START--
INFO: CheckRoute Behavior ::run [ RunTime:0.001013s ]
INFO: [ route_check ] --END-- [ RunTime:0.001186s ]
INFO: [ app_begin ] --START--
INFO: ReadHtmlCache Behavior ::run [ RunTime:0.000544s ]
INFO: [ app_begin ] --END-- [ RunTime:0.000624s ]
INFO: [ view_parse ] --START--
INFO: ParseTemplate Behavior ::run [ RunTime:0.049638s ]
INFO: [ view_parse ] --END-- [ RunTime:0.049760s ]
INFO: [ view_filter ] --START--
INFO: ContentReplace Behavior ::run [ RunTime:0.000556s ]
INFO: TokenBuild Behavior ::run [ RunTime:0.000524s ]
INFO: WriteHtmlCache Behavior ::run [ RunTime:0.000422s ]
INFO: ShowRuntime Behavior ::run [ RunTime:0.000605s ]
INFO: [ view_filter ] --END-- [ RunTime:0.002324s ]
INFO: [ view_end ] --START--
INFO: ShowPageTrace Behavior ::run [ RunTime:0.000707s ]
INFO: [ view_end ] --END-- [ RunTime:0.000778s ]

[ 2017-11-24T23:18:19+08:00 ] 127.0.0.1 /blog/index.php/admin/Login/login.html
INFO: [ route_check ] --START--
INFO: CheckRoute Behavior ::run [ RunTime:0.001164s ]
INFO: [ route_check ] --END-- [ RunTime:0.001305s ]
INFO: [ app_begin ] --START--
INFO: ReadHtmlCache Behavior ::run [ RunTime:0.000566s ]
INFO: [ app_begin ] --END-- [ RunTime:0.000638s ]
SQL: SHOW COLUMNS FROM `user` [ RunTime:0.005550s ]
SQL: SELECT * FROM `user` WHERE ( `username` = 'admin' ) LIMIT 1   [ RunTime:0.000343s ]
SQL: UPDATE `user` SET `loginip`='127.0.0.1',`time`=1511536699 WHERE ( `id` = 1 ) [ RunTime:0.088930s ]

[ 2017-11-24T23:18:19+08:00 ] 127.0.0.1 /blog/index.php/admin/Index/shows.html
INFO: [ route_check ] --START--
INFO: CheckRoute Behavior ::run [ RunTime:0.000829s ]
INFO: [ route_check ] --END-- [ RunTime:0.000918s ]
INFO: [ app_begin ] --START--
INFO: ReadHtmlCache Behavior ::run [ RunTime:0.000600s ]
INFO: [ app_begin ] --END-- [ RunTime:0.000677s ]
INFO: [ view_parse ] --START--
INFO: ParseTemplate Behavior ::run [ RunTime:0.021008s ]
INFO: [ view_parse ] --END-- [ RunTime:0.021128s ]
INFO: [ view_filter ] --START--
INFO: ContentReplace Behavior ::run [ RunTime:0.000500s ]
INFO: TokenBuild Behavior ::run [ RunTime:0.000493s ]
INFO: WriteHtmlCache Behavior ::run [ RunTime:0.000390s ]
INFO: ShowRuntime Behavior ::run [ RunTime:0.000553s ]
INFO: [ view_filter ] --END-- [ RunTime:0.002152s ]
INFO: [ view_end ] --START--
INFO: ShowPageTrace Behavior ::run [ RunTime:0.000630s ]
INFO: [ view_end ] --END-- [ RunTime:0.000705s ]

[ 2017-11-24T23:18:24+08:00 ] 127.0.0.1 /blog/index.php/admin/Login/index.html
INFO: [ route_check ] --START--
INFO: CheckRoute Behavior ::run [ RunTime:0.000878s ]
INFO: [ route_check ] --END-- [ RunTime:0.001023s ]
INFO: [ app_begin ] --START--
INFO: ReadHtmlCache Behavior ::run [ RunTime:0.000522s ]
INFO: [ app_begin ] --END-- [ RunTime:0.000623s ]
INFO: [ view_parse ] --START--
INFO: ParseTemplate Behavior ::run [ RunTime:0.007939s ]
INFO: [ view_parse ] --END-- [ RunTime:0.008073s ]
INFO: [ view_filter ] --START--
INFO: ContentReplace Behavior ::run [ RunTime:0.000677s ]
INFO: TokenBuild Behavior ::run [ RunTime:0.000623s ]
INFO: WriteHtmlCache Behavior ::run [ RunTime:0.000441s ]
INFO: ShowRuntime Behavior ::run [ RunTime:0.000679s ]
INFO: [ view_filter ] --END-- [ RunTime:0.002743s ]
INFO: [ view_end ] --START--
INFO: ShowPageTrace Behavior ::run [ RunTime:0.000533s ]
INFO: [ view_end ] --END-- [ RunTime:0.000607s ]

[ 2017-11-24T23:19:29+08:00 ] 0.0.0.0 /blog/
INFO: [ app_begin ] --START--
INFO: ReadHtmlCache Behavior ::run [ RunTime:0.000714s ]
INFO: [ app_begin ] --END-- [ RunTime:0.000861s ]
SQL: SHOW COLUMNS FROM `cate` [ RunTime:0.006305s ]
SQL: SELECT * FROM `cate`  [ RunTime:0.000430s ]
SQL: SELECT * FROM `cate` WHERE ( `pid` = 0 )  [ RunTime:0.000292s ]
SQL: SELECT `name` FROM `cate` WHERE ( `id` = 1 )  [ RunTime:0.000228s ]
SQL: SHOW COLUMNS FROM `blog` [ RunTime:0.006839s ]
SQL: SELECT `title`,`time`,`click` FROM `blog` WHERE ( `cid` IN ('1') )  [ RunTime:0.000281s ]
SQL: SELECT `name` FROM `cate` WHERE ( `id` = 2 )  [ RunTime:0.000203s ]
SQL: SELECT `title`,`time`,`click` FROM `blog` WHERE ( `cid` IN ('9','10','2') )  [ RunTime:0.000245s ]
SQL: SELECT `name` FROM `cate` WHERE ( `id` = 3 )  [ RunTime:0.000188s ]
SQL: SELECT `title`,`time`,`click` FROM `blog` WHERE ( `cid` IN ('3') )  [ RunTime:0.000197s ]
SQL: SELECT `name` FROM `cate` WHERE ( `id` = 4 )  [ RunTime:0.000430s ]
SQL: SELECT `title`,`time`,`click` FROM `blog` WHERE ( `cid` IN ('11','12','13','14','4') )  [ RunTime:0.000592s ]
SQL: SELECT `name` FROM `cate` WHERE ( `id` = 5 )  [ RunTime:0.000370s ]
SQL: SELECT `title`,`time`,`click` FROM `blog` WHERE ( `cid` IN ('19','20','5') )  [ RunTime:0.000343s ]
SQL: SELECT `name` FROM `cate` WHERE ( `id` = 6 )  [ RunTime:0.000237s ]
SQL: SELECT `title`,`time`,`click` FROM `blog` WHERE ( `cid` IN ('15','16','17','6') )  [ RunTime:0.000271s ]
SQL: SELECT `name` FROM `cate` WHERE ( `id` = 7 )  [ RunTime:0.000197s ]
SQL: SELECT `title`,`time`,`click` FROM `blog` WHERE ( `cid` IN ('7') )  [ RunTime:0.000235s ]
SQL: SELECT `name` FROM `cate` WHERE ( `id` = 8 )  [ RunTime:0.000215s ]
SQL: SELECT `title`,`time`,`click` FROM `blog` WHERE ( `cid` IN ('8') )  [ RunTime:0.000276s ]
INFO: [ view_parse ] --START--
NOTIC: [2] Missing argument 2 for TagLib::parseXmlAttr(), called in D:\wamp\www\blog\blog\Modules\index\TagLib\TagLibNav.class.php on line 10 and defined D:\wamp\www\blog\ThinkPHP\Lib\Template\TagLib.class.php 第 80 行.
NOTIC: [8] Undefined variable: tag D:\wamp\www\blog\ThinkPHP\Lib\Template\TagLib.class.php 第 91 行.
NOTIC: [8] Undefined index:  D:\wamp\www\blog\ThinkPHP\Lib\Template\TagLib.class.php 第 91 行.
NOTIC: [8] Undefined variable: tag D:\wamp\www\blog\ThinkPHP\Lib\Template\TagLib.class.php 第 92 行.
NOTIC: [8] Undefined index: sort D:\wamp\www\blog\blog\Modules\index\TagLib\TagLibNav.class.php 第 13 行.
NOTIC: [2] Missing argument 2 for TagLib::parseXmlAttr(), called in D:\wamp\www\blog\blog\Modules\index\TagLib\TagLibNav.class.php on line 25 and defined D:\wamp\www\blog\ThinkPHP\Lib\Template\TagLib.class.php 第 80 行.
NOTIC: [8] Undefined variable: tag D:\wamp\www\blog\ThinkPHP\Lib\Template\TagLib.class.php 第 91 行.
NOTIC: [8] Undefined index:  D:\wamp\www\blog\ThinkPHP\Lib\Template\TagLib.class.php 第 91 行.
NOTIC: [8] Undefined variable: tag D:\wamp\www\blog\ThinkPHP\Lib\Template\TagLib.class.php 第 92 行.
SQL: SELECT * FROM `cate`  [ RunTime:0.000347s ]
SQL: SELECT `id`,`title`,`click` FROM `blog` ORDER BY click DESC LIMIT 5   [ RunTime:0.000239s ]
SQL: SELECT `id`,`title`,`click` FROM `blog` ORDER BY click DESC LIMIT 5   [ RunTime:0.000328s ]
INFO: ParseTemplate Behavior ::run [ RunTime:0.020004s ]
INFO: [ view_parse ] --END-- [ RunTime:0.020101s ]
INFO: [ view_filter ] --START--
INFO: ContentReplace Behavior ::run [ RunTime:0.000530s ]
INFO: TokenBuild Behavior ::run [ RunTime:0.000486s ]
INFO: WriteHtmlCache Behavior ::run [ RunTime:0.000363s ]
INFO: ShowRuntime Behavior ::run [ RunTime:0.000540s ]
INFO: [ view_filter ] --END-- [ RunTime:0.002156s ]
INFO: [ view_end ] --START--
INFO: ShowPageTrace Behavior ::run [ RunTime:0.000541s ]
INFO: [ view_end ] --END-- [ RunTime:0.000613s ]

[ 2017-11-24T23:19:34+08:00 ] 0.0.0.0 /blog/
INFO: [ app_begin ] --START--
INFO: ReadHtmlCache Behavior ::run [ RunTime:0.000836s ]
INFO: [ app_begin ] --END-- [ RunTime:0.000975s ]
INFO: [ view_parse ] --START--
NOTIC: [2] Missing argument 2 for TagLib::parseXmlAttr(), called in D:\wamp\www\blog\blog\Modules\index\TagLib\TagLibNav.class.php on line 10 and defined D:\wamp\www\blog\ThinkPHP\Lib\Template\TagLib.class.php 第 80 行.
NOTIC: [8] Undefined variable: tag D:\wamp\www\blog\ThinkPHP\Lib\Template\TagLib.class.php 第 91 行.
NOTIC: [8] Undefined index:  D:\wamp\www\blog\ThinkPHP\Lib\Template\TagLib.class.php 第 91 行.
NOTIC: [8] Undefined variable: tag D:\wamp\www\blog\ThinkPHP\Lib\Template\TagLib.class.php 第 92 行.
NOTIC: [8] Undefined index: sort D:\wamp\www\blog\blog\Modules\index\TagLib\TagLibNav.class.php 第 13 行.
NOTIC: [2] Missing argument 2 for TagLib::parseXmlAttr(), called in D:\wamp\www\blog\blog\Modules\index\TagLib\TagLibNav.class.php on line 25 and defined D:\wamp\www\blog\ThinkPHP\Lib\Template\TagLib.class.php 第 80 行.
NOTIC: [8] Undefined variable: tag D:\wamp\www\blog\ThinkPHP\Lib\Template\TagLib.class.php 第 91 行.
NOTIC: [8] Undefined index:  D:\wamp\www\blog\ThinkPHP\Lib\Template\TagLib.class.php 第 91 行.
NOTIC: [8] Undefined variable: tag D:\wamp\www\blog\ThinkPHP\Lib\Template\TagLib.class.php 第 92 行.
SQL: SHOW COLUMNS FROM `cate` [ RunTime:0.005587s ]
SQL: SELECT * FROM `cate`  [ RunTime:0.000321s ]
SQL: SHOW COLUMNS FROM `blog` [ RunTime:0.008219s ]
SQL: SELECT `id`,`title`,`click` FROM `blog` ORDER BY click DESC LIMIT 5   [ RunTime:0.000369s ]
SQL: SELECT `id`,`title`,`click` FROM `blog` ORDER BY click DESC LIMIT 5   [ RunTime:0.000374s ]
INFO: ParseTemplate Behavior ::run [ RunTime:0.042392s ]
INFO: [ view_parse ] --END-- [ RunTime:0.042490s ]
INFO: [ view_filter ] --START--
INFO: ContentReplace Behavior ::run [ RunTime:0.000486s ]
INFO: TokenBuild Behavior ::run [ RunTime:0.000402s ]
INFO: WriteHtmlCache Behavior ::run [ RunTime:0.000297s ]
INFO: ShowRuntime Behavior ::run [ RunTime:0.000477s ]
INFO: [ view_filter ] --END-- [ RunTime:0.001877s ]
INFO: [ view_end ] --START--
INFO: ShowPageTrace Behavior ::run [ RunTime:0.000513s ]
INFO: [ view_end ] --END-- [ RunTime:0.000591s ]

[ 2017-11-24T23:19:36+08:00 ] 0.0.0.0 /blog/
INFO: [ app_begin ] --START--
INFO: ReadHtmlCache Behavior ::run [ RunTime:0.000536s ]
INFO: [ app_begin ] --END-- [ RunTime:0.000654s ]
INFO: [ view_parse ] --START--
NOTIC: [2] Missing argument 2 for TagLib::parseXmlAttr(), called in D:\wamp\www\blog\blog\Modules\index\TagLib\TagLibNav.class.php on line 10 and defined D:\wamp\www\blog\ThinkPHP\Lib\Template\TagLib.class.php 第 80 行.
NOTIC: [8] Undefined variable: tag D:\wamp\www\blog\ThinkPHP\Lib\Template\TagLib.class.php 第 91 行.
NOTIC: [8] Undefined index:  D:\wamp\www\blog\ThinkPHP\Lib\Template\TagLib.class.php 第 91 行.
NOTIC: [8] Undefined variable: tag D:\wamp\www\blog\ThinkPHP\Lib\Template\TagLib.class.php 第 92 行.
NOTIC: [8] Undefined index: sort D:\wamp\www\blog\blog\Modules\index\TagLib\TagLibNav.class.php 第 13 行.
NOTIC: [2] Missing argument 2 for TagLib::parseXmlAttr(), called in D:\wamp\www\blog\blog\Modules\index\TagLib\TagLibNav.class.php on line 25 and defined D:\wamp\www\blog\ThinkPHP\Lib\Template\TagLib.class.php 第 80 行.
NOTIC: [8] Undefined variable: tag D:\wamp\www\blog\ThinkPHP\Lib\Template\TagLib.class.php 第 91 行.
NOTIC: [8] Undefined index:  D:\wamp\www\blog\ThinkPHP\Lib\Template\TagLib.class.php 第 91 行.
NOTIC: [8] Undefined variable: tag D:\wamp\www\blog\ThinkPHP\Lib\Template\TagLib.class.php 第 92 行.
SQL: SHOW COLUMNS FROM `cate` [ RunTime:0.005537s ]
SQL: SELECT * FROM `cate`  [ RunTime:0.000353s ]
SQL: SHOW COLUMNS FROM `blog` [ RunTime:0.008372s ]
SQL: SELECT `id`,`title`,`click` FROM `blog` ORDER BY click DESC LIMIT 5   [ RunTime:0.000341s ]
SQL: SELECT `id`,`title`,`click` FROM `blog` ORDER BY click DESC LIMIT 5   [ RunTime:0.000469s ]
INFO: ParseTemplate Behavior ::run [ RunTime:0.042644s ]
INFO: [ view_parse ] --END-- [ RunTime:0.042733s ]
INFO: [ view_filter ] --START--
INFO: ContentReplace Behavior ::run [ RunTime:0.000551s ]
INFO: TokenBuild Behavior ::run [ RunTime:0.000465s ]
INFO: WriteHtmlCache Behavior ::run [ RunTime:0.000377s ]
INFO: ShowRuntime Behavior ::run [ RunTime:0.000664s ]
INFO: [ view_filter ] --END-- [ RunTime:0.002263s ]
INFO: [ view_end ] --START--
INFO: ShowPageTrace Behavior ::run [ RunTime:0.000618s ]
INFO: [ view_end ] --END-- [ RunTime:0.000721s ]

[ 2017-11-24T23:19:37+08:00 ] 0.0.0.0 /blog/
INFO: [ app_begin ] --START--
INFO: ReadHtmlCache Behavior ::run [ RunTime:0.000524s ]
INFO: [ app_begin ] --END-- [ RunTime:0.000639s ]
INFO: [ view_parse ] --START--
NOTIC: [2] Missing argument 2 for TagLib::parseXmlAttr(), called in D:\wamp\www\blog\blog\Modules\index\TagLib\TagLibNav.class.php on line 10 and defined D:\wamp\www\blog\ThinkPHP\Lib\Template\TagLib.class.php 第 80 行.
NOTIC: [8] Undefined variable: tag D:\wamp\www\blog\ThinkPHP\Lib\Template\TagLib.class.php 第 91 行.
NOTIC: [8] Undefined index:  D:\wamp\www\blog\ThinkPHP\Lib\Template\TagLib.class.php 第 91 行.
NOTIC: [8] Undefined variable: tag D:\wamp\www\blog\ThinkPHP\Lib\Template\TagLib.class.php 第 92 行.
NOTIC: [8] Undefined index: sort D:\wamp\www\blog\blog\Modules\index\TagLib\TagLibNav.class.php 第 13 行.
NOTIC: [2] Missing argument 2 for TagLib::parseXmlAttr(), called in D:\wamp\www\blog\blog\Modules\index\TagLib\TagLibNav.class.php on line 25 and defined D:\wamp\www\blog\ThinkPHP\Lib\Template\TagLib.class.php 第 80 行.
NOTIC: [8] Undefined variable: tag D:\wamp\www\blog\ThinkPHP\Lib\Template\TagLib.class.php 第 91 行.
NOTIC: [8] Undefined index:  D:\wamp\www\blog\ThinkPHP\Lib\Template\TagLib.class.php 第 91 行.
NOTIC: [8] Undefined variable: tag D:\wamp\www\blog\ThinkPHP\Lib\Template\TagLib.class.php 第 92 行.
SQL: SHOW COLUMNS FROM `cate` [ RunTime:0.006570s ]
SQL: SELECT * FROM `cate`  [ RunTime:0.000373s ]
SQL: SHOW COLUMNS FROM `blog` [ RunTime:0.005392s ]
SQL: SELECT `id`,`title`,`click` FROM `blog` ORDER BY click DESC LIMIT 5   [ RunTime:0.000340s ]
SQL: SELECT `id`,`title`,`click` FROM `blog` ORDER BY click DESC LIMIT 5   [ RunTime:0.000369s ]
INFO: ParseTemplate Behavior ::run [ RunTime:0.039910s ]
INFO: [ view_parse ] --END-- [ RunTime:0.039998s ]
INFO: [ view_filter ] --START--
INFO: ContentReplace Behavior ::run [ RunTime:0.000461s ]
INFO: TokenBuild Behavior ::run [ RunTime:0.000393s ]
INFO: WriteHtmlCache Behavior ::run [ RunTime:0.000279s ]
INFO: ShowRuntime Behavior ::run [ RunTime:0.000432s ]
INFO: [ view_filter ] --END-- [ RunTime:0.001772s ]
INFO: [ view_end ] --START--
INFO: ShowPageTrace Behavior ::run [ RunTime:0.000492s ]
INFO: [ view_end ] --END-- [ RunTime:0.000563s ]

[ 2017-11-24T23:19:52+08:00 ] 0.0.0.0 /blog/
INFO: [ app_begin ] --START--
INFO: ReadHtmlCache Behavior ::run [ RunTime:0.000580s ]
INFO: [ app_begin ] --END-- [ RunTime:0.000670s ]
SQL: SHOW COLUMNS FROM `cate` [ RunTime:0.007144s ]
SQL: SELECT * FROM `cate`  [ RunTime:0.000475s ]
SQL: SELECT * FROM `cate` WHERE ( `pid` = 0 )  [ RunTime:0.000311s ]
SQL: SELECT `name` FROM `cate` WHERE ( `id` = 1 )  [ RunTime:0.000236s ]
SQL: SHOW COLUMNS FROM `blog` [ RunTime:0.006411s ]
SQL: SELECT `title`,`time`,`click` FROM `blog` WHERE ( `cid` IN ('1') )  [ RunTime:0.000325s ]
SQL: SELECT `name` FROM `cate` WHERE ( `id` = 2 )  [ RunTime:0.000230s ]
SQL: SELECT `title`,`time`,`click` FROM `blog` WHERE ( `cid` IN ('9','10','2') )  [ RunTime:0.000278s ]
SQL: SELECT `name` FROM `cate` WHERE ( `id` = 3 )  [ RunTime:0.000229s ]
SQL: SELECT `title`,`time`,`click` FROM `blog` WHERE ( `cid` IN ('3') )  [ RunTime:0.000238s ]
SQL: SELECT `name` FROM `cate` WHERE ( `id` = 4 )  [ RunTime:0.000225s ]
SQL: SELECT `title`,`time`,`click` FROM `blog` WHERE ( `cid` IN ('11','12','13','14','4') )  [ RunTime:0.000312s ]
SQL: SELECT `name` FROM `cate` WHERE ( `id` = 5 )  [ RunTime:0.000220s ]
SQL: SELECT `title`,`time`,`click` FROM `blog` WHERE ( `cid` IN ('19','20','5') )  [ RunTime:0.000270s ]
SQL: SELECT `name` FROM `cate` WHERE ( `id` = 6 )  [ RunTime:0.000259s ]
SQL: SELECT `title`,`time`,`click` FROM `blog` WHERE ( `cid` IN ('15','16','17','6') )  [ RunTime:0.000278s ]
SQL: SELECT `name` FROM `cate` WHERE ( `id` = 7 )  [ RunTime:0.000236s ]
SQL: SELECT `title`,`time`,`click` FROM `blog` WHERE ( `cid` IN ('7') )  [ RunTime:0.000253s ]
SQL: SELECT `name` FROM `cate` WHERE ( `id` = 8 )  [ RunTime:0.000233s ]
SQL: SELECT `title`,`time`,`click` FROM `blog` WHERE ( `cid` IN ('8') )  [ RunTime:0.000252s ]
INFO: [ view_parse ] --START--
NOTIC: [2] Missing argument 2 for TagLib::parseXmlAttr(), called in D:\wamp\www\blog\blog\Modules\index\TagLib\TagLibNav.class.php on line 10 and defined D:\wamp\www\blog\ThinkPHP\Lib\Template\TagLib.class.php 第 80 行.
NOTIC: [8] Undefined variable: tag D:\wamp\www\blog\ThinkPHP\Lib\Template\TagLib.class.php 第 91 行.
NOTIC: [8] Undefined index:  D:\wamp\www\blog\ThinkPHP\Lib\Template\TagLib.class.php 第 91 行.
NOTIC: [8] Undefined variable: tag D:\wamp\www\blog\ThinkPHP\Lib\Template\TagLib.class.php 第 92 行.
NOTIC: [8] Undefined index: sort D:\wamp\www\blog\blog\Modules\index\TagLib\TagLibNav.class.php 第 13 行.
NOTIC: [2] Missing argument 2 for TagLib::parseXmlAttr(), called in D:\wamp\www\blog\blog\Modules\index\TagLib\TagLibNav.class.php on line 25 and defined D:\wamp\www\blog\ThinkPHP\Lib\Template\TagLib.class.php 第 80 行.
NOTIC: [8] Undefined variable: tag D:\wamp\www\blog\ThinkPHP\Lib\Template\TagLib.class.php 第 91 行.
NOTIC: [8] Undefined index:  D:\wamp\www\blog\ThinkPHP\Lib\Template\TagLib.class.php 第 91 行.
NOTIC: [8] Undefined variable: tag D:\wamp\www\blog\ThinkPHP\Lib\Template\TagLib.class.php 第 92 行.
SQL: SELECT * FROM `cate`  [ RunTime:0.000395s ]
SQL: SELECT `id`,`title`,`click` FROM `blog` ORDER BY click DESC LIMIT 5   [ RunTime:0.000299s ]
SQL: SELECT `id`,`title`,`click` FROM `blog` ORDER BY click DESC LIMIT 5   [ RunTime:0.000345s ]
INFO: ParseTemplate Behavior ::run [ RunTime:0.021694s ]
INFO: [ view_parse ] --END-- [ RunTime:0.021803s ]
INFO: [ view_filter ] --START--
INFO: ContentReplace Behavior ::run [ RunTime:0.000529s ]
INFO: TokenBuild Behavior ::run [ RunTime:0.000466s ]
INFO: WriteHtmlCache Behavior ::run [ RunTime:0.000347s ]
INFO: ShowRuntime Behavior ::run [ RunTime:0.000483s ]
INFO: [ view_filter ] --END-- [ RunTime:0.002035s ]
INFO: [ view_end ] --START--
INFO: ShowPageTrace Behavior ::run [ RunTime:0.000546s ]
INFO: [ view_end ] --END-- [ RunTime:0.000618s ]

[ 2017-11-24T23:19:55+08:00 ] 0.0.0.0 /blog/
INFO: [ app_begin ] --START--
INFO: ReadHtmlCache Behavior ::run [ RunTime:0.000993s ]
INFO: [ app_begin ] --END-- [ RunTime:0.001174s ]
INFO: [ view_parse ] --START--
NOTIC: [2] Missing argument 2 for TagLib::parseXmlAttr(), called in D:\wamp\www\blog\blog\Modules\index\TagLib\TagLibNav.class.php on line 10 and defined D:\wamp\www\blog\ThinkPHP\Lib\Template\TagLib.class.php 第 80 行.
NOTIC: [8] Undefined variable: tag D:\wamp\www\blog\ThinkPHP\Lib\Template\TagLib.class.php 第 91 行.
NOTIC: [8] Undefined index:  D:\wamp\www\blog\ThinkPHP\Lib\Template\TagLib.class.php 第 91 行.
NOTIC: [8] Undefined variable: tag D:\wamp\www\blog\ThinkPHP\Lib\Template\TagLib.class.php 第 92 行.
NOTIC: [8] Undefined index: sort D:\wamp\www\blog\blog\Modules\index\TagLib\TagLibNav.class.php 第 13 行.
NOTIC: [2] Missing argument 2 for TagLib::parseXmlAttr(), called in D:\wamp\www\blog\blog\Modules\index\TagLib\TagLibNav.class.php on line 25 and defined D:\wamp\www\blog\ThinkPHP\Lib\Template\TagLib.class.php 第 80 行.
NOTIC: [8] Undefined variable: tag D:\wamp\www\blog\ThinkPHP\Lib\Template\TagLib.class.php 第 91 行.
NOTIC: [8] Undefined index:  D:\wamp\www\blog\ThinkPHP\Lib\Template\TagLib.class.php 第 91 行.
NOTIC: [8] Undefined variable: tag D:\wamp\www\blog\ThinkPHP\Lib\Template\TagLib.class.php 第 92 行.
SQL: SHOW COLUMNS FROM `cate` [ RunTime:0.005506s ]
SQL: SELECT * FROM `cate`  [ RunTime:0.000312s ]
SQL: SHOW COLUMNS FROM `blog` [ RunTime:0.005559s ]
SQL: SELECT `id`,`title`,`click` FROM `blog` ORDER BY click DESC LIMIT 5   [ RunTime:0.000300s ]
SQL: SELECT `id`,`title`,`click` FROM `blog` ORDER BY click DESC LIMIT 5   [ RunTime:0.000765s ]
INFO: ParseTemplate Behavior ::run [ RunTime:0.038782s ]
INFO: [ view_parse ] --END-- [ RunTime:0.038919s ]
INFO: [ view_filter ] --START--
INFO: ContentReplace Behavior ::run [ RunTime:0.000602s ]
INFO: TokenBuild Behavior ::run [ RunTime:0.000426s ]
INFO: WriteHtmlCache Behavior ::run [ RunTime:0.000285s ]
INFO: ShowRuntime Behavior ::run [ RunTime:0.000444s ]
INFO: [ view_filter ] --END-- [ RunTime:0.001983s ]
INFO: [ view_end ] --START--
INFO: ShowPageTrace Behavior ::run [ RunTime:0.000480s ]
INFO: [ view_end ] --END-- [ RunTime:0.000552s ]

[ 2017-11-24T23:19:56+08:00 ] 0.0.0.0 /blog/
INFO: [ app_begin ] --START--
INFO: ReadHtmlCache Behavior ::run [ RunTime:0.000585s ]
INFO: [ app_begin ] --END-- [ RunTime:0.000678s ]
INFO: [ view_parse ] --START--
NOTIC: [2] Missing argument 2 for TagLib::parseXmlAttr(), called in D:\wamp\www\blog\blog\Modules\index\TagLib\TagLibNav.class.php on line 10 and defined D:\wamp\www\blog\ThinkPHP\Lib\Template\TagLib.class.php 第 80 行.
NOTIC: [8] Undefined variable: tag D:\wamp\www\blog\ThinkPHP\Lib\Template\TagLib.class.php 第 91 行.
NOTIC: [8] Undefined index:  D:\wamp\www\blog\ThinkPHP\Lib\Template\TagLib.class.php 第 91 行.
NOTIC: [8] Undefined variable: tag D:\wamp\www\blog\ThinkPHP\Lib\Template\TagLib.class.php 第 92 行.
NOTIC: [8] Undefined index: sort D:\wamp\www\blog\blog\Modules\index\TagLib\TagLibNav.class.php 第 13 行.
NOTIC: [2] Missing argument 2 for TagLib::parseXmlAttr(), called in D:\wamp\www\blog\blog\Modules\index\TagLib\TagLibNav.class.php on line 25 and defined D:\wamp\www\blog\ThinkPHP\Lib\Template\TagLib.class.php 第 80 行.
NOTIC: [8] Undefined variable: tag D:\wamp\www\blog\ThinkPHP\Lib\Template\TagLib.class.php 第 91 行.
NOTIC: [8] Undefined index:  D:\wamp\www\blog\ThinkPHP\Lib\Template\TagLib.class.php 第 91 行.
NOTIC: [8] Undefined variable: tag D:\wamp\www\blog\ThinkPHP\Lib\Template\TagLib.class.php 第 92 行.
SQL: SHOW COLUMNS FROM `cate` [ RunTime:0.005840s ]
SQL: SELECT * FROM `cate`  [ RunTime:0.000331s ]
SQL: SHOW COLUMNS FROM `blog` [ RunTime:0.005783s ]
SQL: SELECT `id`,`title`,`click` FROM `blog` ORDER BY click DESC LIMIT 5   [ RunTime:0.000304s ]
SQL: SELECT `id`,`title`,`click` FROM `blog` ORDER BY click DESC LIMIT 5   [ RunTime:0.000414s ]
INFO: ParseTemplate Behavior ::run [ RunTime:0.039587s ]
INFO: [ view_parse ] --END-- [ RunTime:0.039681s ]
INFO: [ view_filter ] --START--
INFO: ContentReplace Behavior ::run [ RunTime:0.000534s ]
INFO: TokenBuild Behavior ::run [ RunTime:0.000452s ]
INFO: WriteHtmlCache Behavior ::run [ RunTime:0.000323s ]
INFO: ShowRuntime Behavior ::run [ RunTime:0.000453s ]
INFO: [ view_filter ] --END-- [ RunTime:0.001993s ]
INFO: [ view_end ] --START--
INFO: ShowPageTrace Behavior ::run [ RunTime:0.000595s ]
INFO: [ view_end ] --END-- [ RunTime:0.000672s ]

[ 2017-11-24T23:19:58+08:00 ] 0.0.0.0 /blog/
INFO: [ app_begin ] --START--
INFO: ReadHtmlCache Behavior ::run [ RunTime:0.000790s ]
INFO: [ app_begin ] --END-- [ RunTime:0.000920s ]
INFO: [ view_parse ] --START--
NOTIC: [2] Missing argument 2 for TagLib::parseXmlAttr(), called in D:\wamp\www\blog\blog\Modules\index\TagLib\TagLibNav.class.php on line 10 and defined D:\wamp\www\blog\ThinkPHP\Lib\Template\TagLib.class.php 第 80 行.
NOTIC: [8] Undefined variable: tag D:\wamp\www\blog\ThinkPHP\Lib\Template\TagLib.class.php 第 91 行.
NOTIC: [8] Undefined index:  D:\wamp\www\blog\ThinkPHP\Lib\Template\TagLib.class.php 第 91 行.
NOTIC: [8] Undefined variable: tag D:\wamp\www\blog\ThinkPHP\Lib\Template\TagLib.class.php 第 92 行.
NOTIC: [8] Undefined index: sort D:\wamp\www\blog\blog\Modules\index\TagLib\TagLibNav.class.php 第 13 行.
NOTIC: [2] Missing argument 2 for TagLib::parseXmlAttr(), called in D:\wamp\www\blog\blog\Modules\index\TagLib\TagLibNav.class.php on line 25 and defined D:\wamp\www\blog\ThinkPHP\Lib\Template\TagLib.class.php 第 80 行.
NOTIC: [8] Undefined variable: tag D:\wamp\www\blog\ThinkPHP\Lib\Template\TagLib.class.php 第 91 行.
NOTIC: [8] Undefined index:  D:\wamp\www\blog\ThinkPHP\Lib\Template\TagLib.class.php 第 91 行.
NOTIC: [8] Undefined variable: tag D:\wamp\www\blog\ThinkPHP\Lib\Template\TagLib.class.php 第 92 行.
SQL: SHOW COLUMNS FROM `cate` [ RunTime:0.005924s ]
SQL: SELECT * FROM `cate`  [ RunTime:0.000385s ]
SQL: SHOW COLUMNS FROM `blog` [ RunTime:0.006104s ]
SQL: SELECT `id`,`title`,`click` FROM `blog` ORDER BY click DESC LIMIT 5   [ RunTime:0.000341s ]
SQL: SELECT `id`,`title`,`click` FROM `blog` ORDER BY click DESC LIMIT 5   [ RunTime:0.000595s ]
INFO: ParseTemplate Behavior ::run [ RunTime:0.043044s ]
INFO: [ view_parse ] --END-- [ RunTime:0.043166s ]
INFO: [ view_filter ] --START--
INFO: ContentReplace Behavior ::run [ RunTime:0.000987s ]
INFO: TokenBuild Behavior ::run [ RunTime:0.000746s ]
INFO: WriteHtmlCache Behavior ::run [ RunTime:0.001270s ]
INFO: ShowRuntime Behavior ::run [ RunTime:0.000773s ]
INFO: [ view_filter ] --END-- [ RunTime:0.004193s ]
INFO: [ view_end ] --START--
INFO: ShowPageTrace Behavior ::run [ RunTime:0.000693s ]
INFO: [ view_end ] --END-- [ RunTime:0.000804s ]

[ 2017-11-24T23:19:59+08:00 ] 0.0.0.0 /blog/
INFO: [ app_begin ] --START--
INFO: ReadHtmlCache Behavior ::run [ RunTime:0.000645s ]
INFO: [ app_begin ] --END-- [ RunTime:0.000769s ]
INFO: [ view_parse ] --START--
NOTIC: [2] Missing argument 2 for TagLib::parseXmlAttr(), called in D:\wamp\www\blog\blog\Modules\index\TagLib\TagLibNav.class.php on line 10 and defined D:\wamp\www\blog\ThinkPHP\Lib\Template\TagLib.class.php 第 80 行.
NOTIC: [8] Undefined variable: tag D:\wamp\www\blog\ThinkPHP\Lib\Template\TagLib.class.php 第 91 行.
NOTIC: [8] Undefined index:  D:\wamp\www\blog\ThinkPHP\Lib\Template\TagLib.class.php 第 91 行.
NOTIC: [8] Undefined variable: tag D:\wamp\www\blog\ThinkPHP\Lib\Template\TagLib.class.php 第 92 行.
NOTIC: [8] Undefined index: sort D:\wamp\www\blog\blog\Modules\index\TagLib\TagLibNav.class.php 第 13 行.
NOTIC: [2] Missing argument 2 for TagLib::parseXmlAttr(), called in D:\wamp\www\blog\blog\Modules\index\TagLib\TagLibNav.class.php on line 25 and defined D:\wamp\www\blog\ThinkPHP\Lib\Template\TagLib.class.php 第 80 行.
NOTIC: [8] Undefined variable: tag D:\wamp\www\blog\ThinkPHP\Lib\Template\TagLib.class.php 第 91 行.
NOTIC: [8] Undefined index:  D:\wamp\www\blog\ThinkPHP\Lib\Template\TagLib.class.php 第 91 行.
NOTIC: [8] Undefined variable: tag D:\wamp\www\blog\ThinkPHP\Lib\Template\TagLib.class.php 第 92 行.
SQL: SHOW COLUMNS FROM `cate` [ RunTime:0.011630s ]
SQL: SELECT * FROM `cate`  [ RunTime:0.000430s ]
SQL: SHOW COLUMNS FROM `blog` [ RunTime:0.009020s ]
SQL: SELECT `id`,`title`,`click` FROM `blog` ORDER BY click DESC LIMIT 5   [ RunTime:0.000727s ]
SQL: SELECT `id`,`title`,`click` FROM `blog` ORDER BY click DESC LIMIT 5   [ RunTime:0.000534s ]
INFO: ParseTemplate Behavior ::run [ RunTime:0.053097s ]
INFO: [ view_parse ] --END-- [ RunTime:0.053219s ]
INFO: [ view_filter ] --START--
INFO: ContentReplace Behavior ::run [ RunTime:0.000686s ]
INFO: TokenBuild Behavior ::run [ RunTime:0.000604s ]
INFO: WriteHtmlCache Behavior ::run [ RunTime:0.000633s ]
INFO: ShowRuntime Behavior ::run [ RunTime:0.000607s ]
INFO: [ view_filter ] --END-- [ RunTime:0.002876s ]
INFO: [ view_end ] --START--
INFO: ShowPageTrace Behavior ::run [ RunTime:0.000497s ]
INFO: [ view_end ] --END-- [ RunTime:0.000569s ]

[ 2017-11-24T23:20:00+08:00 ] 0.0.0.0 /blog/
INFO: [ app_begin ] --START--
INFO: ReadHtmlCache Behavior ::run [ RunTime:0.000489s ]
INFO: [ app_begin ] --END-- [ RunTime:0.000592s ]
INFO: [ view_parse ] --START--
NOTIC: [2] Missing argument 2 for TagLib::parseXmlAttr(), called in D:\wamp\www\blog\blog\Modules\index\TagLib\TagLibNav.class.php on line 10 and defined D:\wamp\www\blog\ThinkPHP\Lib\Template\TagLib.class.php 第 80 行.
NOTIC: [8] Undefined variable: tag D:\wamp\www\blog\ThinkPHP\Lib\Template\TagLib.class.php 第 91 行.
NOTIC: [8] Undefined index:  D:\wamp\www\blog\ThinkPHP\Lib\Template\TagLib.class.php 第 91 行.
NOTIC: [8] Undefined variable: tag D:\wamp\www\blog\ThinkPHP\Lib\Template\TagLib.class.php 第 92 行.
NOTIC: [8] Undefined index: sort D:\wamp\www\blog\blog\Modules\index\TagLib\TagLibNav.class.php 第 13 行.
NOTIC: [2] Missing argument 2 for TagLib::parseXmlAttr(), called in D:\wamp\www\blog\blog\Modules\index\TagLib\TagLibNav.class.php on line 25 and defined D:\wamp\www\blog\ThinkPHP\Lib\Template\TagLib.class.php 第 80 行.
NOTIC: [8] Undefined variable: tag D:\wamp\www\blog\ThinkPHP\Lib\Template\TagLib.class.php 第 91 行.
NOTIC: [8] Undefined index:  D:\wamp\www\blog\ThinkPHP\Lib\Template\TagLib.class.php 第 91 行.
NOTIC: [8] Undefined variable: tag D:\wamp\www\blog\ThinkPHP\Lib\Template\TagLib.class.php 第 92 行.
SQL: SHOW COLUMNS FROM `cate` [ RunTime:0.005669s ]
SQL: SELECT * FROM `cate`  [ RunTime:0.000344s ]
SQL: SHOW COLUMNS FROM `blog` [ RunTime:0.005647s ]
SQL: SELECT `id`,`title`,`click` FROM `blog` ORDER BY click DESC LIMIT 5   [ RunTime:0.000418s ]
SQL: SELECT `id`,`title`,`click` FROM `blog` ORDER BY click DESC LIMIT 5   [ RunTime:0.000367s ]
INFO: ParseTemplate Behavior ::run [ RunTime:0.048754s ]
INFO: [ view_parse ] --END-- [ RunTime:0.048845s ]
INFO: [ view_filter ] --START--
INFO: ContentReplace Behavior ::run [ RunTime:0.000556s ]
INFO: TokenBuild Behavior ::run [ RunTime:0.000485s ]
INFO: WriteHtmlCache Behavior ::run [ RunTime:0.000392s ]
INFO: ShowRuntime Behavior ::run [ RunTime:0.000487s ]
INFO: [ view_filter ] --END-- [ RunTime:0.002140s ]
INFO: [ view_end ] --START--
INFO: ShowPageTrace Behavior ::run [ RunTime:0.000523s ]
INFO: [ view_end ] --END-- [ RunTime:0.000600s ]

[ 2017-11-24T23:25:15+08:00 ] 0.0.0.0 /blog/
INFO: [ app_begin ] --START--
INFO: ReadHtmlCache Behavior ::run [ RunTime:0.000637s ]
INFO: [ app_begin ] --END-- [ RunTime:0.000735s ]
SQL: SHOW COLUMNS FROM `cate` [ RunTime:0.017700s ]
SQL: SELECT * FROM `cate`  [ RunTime:0.000366s ]
SQL: SELECT * FROM `cate` WHERE ( `pid` = 0 )  [ RunTime:0.000332s ]
SQL: SELECT `name` FROM `cate` WHERE ( `id` = 1 )  [ RunTime:0.000229s ]
SQL: SHOW COLUMNS FROM `blog` [ RunTime:0.006077s ]
SQL: SELECT `title`,`time`,`click` FROM `blog` WHERE ( `cid` IN ('1') )  [ RunTime:0.000326s ]
SQL: SELECT `name` FROM `cate` WHERE ( `id` = 2 )  [ RunTime:0.000324s ]
SQL: SELECT `title`,`time`,`click` FROM `blog` WHERE ( `cid` IN ('9','10','2') )  [ RunTime:0.000277s ]
SQL: SELECT `name` FROM `cate` WHERE ( `id` = 3 )  [ RunTime:0.000275s ]
SQL: SELECT `title`,`time`,`click` FROM `blog` WHERE ( `cid` IN ('3') )  [ RunTime:0.000250s ]
SQL: SELECT `name` FROM `cate` WHERE ( `id` = 4 )  [ RunTime:0.000199s ]
SQL: SELECT `title`,`time`,`click` FROM `blog` WHERE ( `cid` IN ('11','12','13','14','4') )  [ RunTime:0.000256s ]
SQL: SELECT `name` FROM `cate` WHERE ( `id` = 5 )  [ RunTime:0.000267s ]
SQL: SELECT `title`,`time`,`click` FROM `blog` WHERE ( `cid` IN ('19','20','5') )  [ RunTime:0.000267s ]
SQL: SELECT `name` FROM `cate` WHERE ( `id` = 6 )  [ RunTime:0.000196s ]
SQL: SELECT `title`,`time`,`click` FROM `blog` WHERE ( `cid` IN ('15','16','17','6') )  [ RunTime:0.000289s ]
SQL: SELECT `name` FROM `cate` WHERE ( `id` = 7 )  [ RunTime:0.000250s ]
SQL: SELECT `title`,`time`,`click` FROM `blog` WHERE ( `cid` IN ('7') )  [ RunTime:0.000215s ]
SQL: SELECT `name` FROM `cate` WHERE ( `id` = 8 )  [ RunTime:0.000160s ]
SQL: SELECT `title`,`time`,`click` FROM `blog` WHERE ( `cid` IN ('8') )  [ RunTime:0.000200s ]
INFO: [ view_parse ] --START--
NOTIC: [2] Missing argument 2 for TagLib::parseXmlAttr(), called in D:\wamp\www\blog\blog\Modules\index\TagLib\TagLibNav.class.php on line 10 and defined D:\wamp\www\blog\ThinkPHP\Lib\Template\TagLib.class.php 第 80 行.
NOTIC: [8] Undefined variable: tag D:\wamp\www\blog\ThinkPHP\Lib\Template\TagLib.class.php 第 91 行.
NOTIC: [8] Undefined index:  D:\wamp\www\blog\ThinkPHP\Lib\Template\TagLib.class.php 第 91 行.
NOTIC: [8] Undefined variable: tag D:\wamp\www\blog\ThinkPHP\Lib\Template\TagLib.class.php 第 92 行.
NOTIC: [8] Undefined index: sort D:\wamp\www\blog\blog\Modules\index\TagLib\TagLibNav.class.php 第 13 行.
NOTIC: [2] Missing argument 2 for TagLib::parseXmlAttr(), called in D:\wamp\www\blog\blog\Modules\index\TagLib\TagLibNav.class.php on line 25 and defined D:\wamp\www\blog\ThinkPHP\Lib\Template\TagLib.class.php 第 80 行.
NOTIC: [8] Undefined variable: tag D:\wamp\www\blog\ThinkPHP\Lib\Template\TagLib.class.php 第 91 行.
NOTIC: [8] Undefined index:  D:\wamp\www\blog\ThinkPHP\Lib\Template\TagLib.class.php 第 91 行.
NOTIC: [8] Undefined variable: tag D:\wamp\www\blog\ThinkPHP\Lib\Template\TagLib.class.php 第 92 行.
SQL: SELECT * FROM `cate`  [ RunTime:0.000461s ]
SQL: SELECT `id`,`title`,`click` FROM `blog` ORDER BY click DESC LIMIT 5   [ RunTime:0.000265s ]
SQL: SELECT `id`,`title`,`click` FROM `blog` ORDER BY click DESC LIMIT 5   [ RunTime:0.000479s ]
INFO: ParseTemplate Behavior ::run [ RunTime:0.022268s ]
INFO: [ view_parse ] --END-- [ RunTime:0.022412s ]
INFO: [ view_filter ] --START--
INFO: ContentReplace Behavior ::run [ RunTime:0.000879s ]
INFO: TokenBuild Behavior ::run [ RunTime:0.000664s ]
INFO: WriteHtmlCache Behavior ::run [ RunTime:0.000508s ]
INFO: ShowRuntime Behavior ::run [ RunTime:0.000729s ]
INFO: [ view_filter ] --END-- [ RunTime:0.003123s ]
INFO: [ view_end ] --START--
INFO: ShowPageTrace Behavior ::run [ RunTime:0.000980s ]
INFO: [ view_end ] --END-- [ RunTime:0.001109s ]

